#
# There is insufficient memory for the Java Runtime Environment to continue.
# Native memory allocation (mmap) failed to map 223870976 bytes for committing reserved memory.
# Possible reasons:
#   The system is out of physical RAM or swap space
#   In 32 bit mode, the process size limit was hit
# Possible solutions:
#   Reduce memory load on the system
#   Increase physical memory or swap space
#   Check if swap backing store is full
#   Use 64 bit Java on a 64 bit OS
#   Decrease Java heap size (-Xmx/-Xms)
#   Decrease number of Java threads
#   Decrease Java thread stack sizes (-Xss)
#   Set larger code cache with -XX:ReservedCodeCacheSize=
# This output file may be truncated or incomplete.
#
#  Out of Memory Error (os_linux.cpp:2640), pid=78128, tid=0x00007efe69b21700
#
# JRE version: Java(TM) SE Runtime Environment (8.0_144-b01) (build 1.8.0_144-b01)
# Java VM: Java HotSpot(TM) 64-Bit Server VM (25.144-b01 mixed mode linux-amd64 compressed oops)
# Failed to write core dump. Core dumps have been disabled. To enable core dumping, try "ulimit -c unlimited" before starting Java again
#

---------------  T H R E A D  ---------------

Current thread (0x00007efe7c146800):  VMThread [stack: 0x00007efe69a21000,0x00007efe69b22000] [id=78141]

Stack: [0x00007efe69a21000,0x00007efe69b22000],  sp=0x00007efe69b20120,  free space=1020k
Native frames: (J=compiled Java code, j=interpreted, Vv=VM code, C=native code)
V  [libjvm.so+0xacb18a]  VMError::report_and_die()+0x2ba
V  [libjvm.so+0x4ff4db]  report_vm_out_of_memory(char const*, int, unsigned long, VMErrorType, char const*)+0x8b
V  [libjvm.so+0x927d23]  os::Linux::commit_memory_impl(char*, unsigned long, bool)+0x103
V  [libjvm.so+0x928279]  os::pd_commit_memory(char*, unsigned long, unsigned long, bool)+0x29
V  [libjvm.so+0x92249a]  os::commit_memory(char*, unsigned long, unsigned long, bool)+0x2a
V  [libjvm.so+0x996ff3]  PSVirtualSpace::expand_by(unsigned long)+0x53
V  [libjvm.so+0x9983f8]  PSYoungGen::resize_generation(unsigned long, unsigned long)+0xf8
V  [libjvm.so+0x997552]  PSYoungGen::resize(unsigned long, unsigned long)+0x22
V  [libjvm.so+0x99482b]  PSScavenge::invoke_no_policy()+0xf3b
V  [libjvm.so+0x994fb1]  PSScavenge::invoke()+0x41
V  [libjvm.so+0x94bce0]  ParallelScavengeHeap::failed_mem_allocate(unsigned long)+0x70
V  [libjvm.so+0xaccba7]  VM_ParallelGCFailedAllocation::doit()+0x97
V  [libjvm.so+0xad4685]  VM_Operation::evaluate()+0x55
V  [libjvm.so+0xad2a5a]  VMThread::evaluate_operation(VM_Operation*)+0xba
V  [libjvm.so+0xad2dde]  VMThread::loop()+0x1ce
V  [libjvm.so+0xad3250]  VMThread::run()+0x70
V  [libjvm.so+0x92a338]  java_start(Thread*)+0x108

VM_Operation (0x00007efdeaceb670): ParallelGCFailedAllocation, mode: safepoint, requested by thread 0x00007efe44007000


---------------  P R O C E S S  ---------------

Java Threads: ( => current thread )
  0x00007efe44007000 JavaThread "JMX server connection timeout 88" daemon [_thread_blocked, id=78281, stack(0x00007efdeabec000,0x00007efdeaced000)]
  0x00007efe5c017000 JavaThread "JMX server connection timeout 87" daemon [_thread_blocked, id=78277, stack(0x00007efdea7e8000,0x00007efdea8e9000)]
  0x00007efe4c013800 JavaThread "JMX server connection timeout 86" daemon [_thread_blocked, id=78276, stack(0x00007efdea8e9000,0x00007efdea9ea000)]
  0x00007efe24007000 JavaThread "RMI TCP Connection(8)-127.0.0.1" daemon [_thread_blocked, id=78274, stack(0x00007efdea9ea000,0x00007efdeaaeb000)]
  0x00007efe24005000 JavaThread "RMI TCP Connection(7)-127.0.0.1" daemon [_thread_blocked, id=78273, stack(0x00007efdeaaeb000,0x00007efdeabec000)]
  0x00007efe24003000 JavaThread "RMI TCP Connection(5)-127.0.0.1" daemon [_thread_blocked, id=78270, stack(0x00007efdeaced000,0x00007efdeadee000)]
  0x00007efe28006000 JavaThread "RMI TCP Connection(6)-127.0.0.1" daemon [_thread_in_native, id=78268, stack(0x00007efdeaeef000,0x00007efdeaff0000)]
  0x00007efe28004000 JavaThread "RMI TCP Connection(4)-127.0.0.1" daemon [_thread_in_native, id=78267, stack(0x00007efdeaff0000,0x00007efdeb0f1000)]
  0x00007efe28003000 JavaThread "RMI TCP Connection(3)-127.0.0.1" daemon [_thread_in_native, id=78266, stack(0x00007efdeb0f1000,0x00007efdeb1f2000)]
  0x00007efe7c011800 JavaThread "DestroyJavaVM" [_thread_blocked, id=78129, stack(0x00007efe827af000,0x00007efe828b0000)]
  0x00007efe7d23a800 JavaThread "http-nio-5678-AsyncTimeout" daemon [_thread_blocked, id=78263, stack(0x00007efdeb1f2000,0x00007efdeb2f3000)]
  0x00007efe7d239000 JavaThread "http-nio-5678-Acceptor-0" daemon [_thread_in_native, id=78262, stack(0x00007efdeb2f3000,0x00007efdeb3f4000)]
  0x00007efe7d236000 JavaThread "http-nio-5678-ClientPoller-1" daemon [_thread_in_native, id=78261, stack(0x00007efdeb3f4000,0x00007efdeb4f5000)]
  0x00007efe7d21c000 JavaThread "http-nio-5678-ClientPoller-0" daemon [_thread_in_native, id=78260, stack(0x00007efdeb4f5000,0x00007efdeb5f6000)]
  0x00007efe7d200000 JavaThread "http-nio-5678-exec-10" daemon [_thread_blocked, id=78258, stack(0x00007efdeb5f6000,0x00007efdeb6f7000)]
  0x00007efe7d1fe800 JavaThread "http-nio-5678-exec-9" daemon [_thread_blocked, id=78257, stack(0x00007efdeb6f7000,0x00007efdeb7f8000)]
  0x00007efe7d1fc800 JavaThread "http-nio-5678-exec-8" daemon [_thread_blocked, id=78256, stack(0x00007efdeb7f8000,0x00007efdeb8f9000)]
  0x00007efe7d1fa800 JavaThread "http-nio-5678-exec-7" daemon [_thread_blocked, id=78255, stack(0x00007efdeb8f9000,0x00007efdeb9fa000)]
  0x00007efe7d1f8800 JavaThread "http-nio-5678-exec-6" daemon [_thread_blocked, id=78254, stack(0x00007efdeb9fa000,0x00007efdebafb000)]
  0x00007efe7d1f6800 JavaThread "http-nio-5678-exec-5" daemon [_thread_blocked, id=78253, stack(0x00007efdebafb000,0x00007efdebbfc000)]
  0x00007efe7d1f4800 JavaThread "http-nio-5678-exec-4" daemon [_thread_blocked, id=78252, stack(0x00007efdebbfc000,0x00007efdebcfd000)]
  0x00007efe7d1f2800 JavaThread "http-nio-5678-exec-3" daemon [_thread_blocked, id=78251, stack(0x00007efdebcfd000,0x00007efdebdfe000)]
  0x00007efe7d1f0800 JavaThread "http-nio-5678-exec-2" daemon [_thread_blocked, id=78250, stack(0x00007efdebdfe000,0x00007efdebeff000)]
  0x00007efe7d1ef000 JavaThread "http-nio-5678-exec-1" daemon [_thread_blocked, id=78249, stack(0x00007efdebeff000,0x00007efdec000000)]
  0x00007efe7d1ed000 JavaThread "NioBlockingSelector.BlockPoller-1" daemon [_thread_in_native, id=78248, stack(0x00007efe58269000,0x00007efe5836a000)]
  0x00007efe7d1be800 JavaThread "HystrixMetricPoller" daemon [_thread_blocked, id=78245, stack(0x00007efe5836a000,0x00007efe5846b000)]
  0x00007efe7d187000 JavaThread "DiscoveryClient-InstanceInfoReplicator-0" daemon [_thread_blocked, id=78243, stack(0x00007efe5846b000,0x00007efe5856c000)]
  0x00007efe7d184800 JavaThread "DiscoveryClient-1" daemon [_thread_blocked, id=78242, stack(0x00007efe5856c000,0x00007efe5866d000)]
  0x00007efe7d17f800 JavaThread "DiscoveryClient-0" daemon [_thread_blocked, id=78241, stack(0x00007efe5866d000,0x00007efe5876e000)]
  0x00007efe7d145000 JavaThread "AsyncResolver-bootstrap-0" daemon [_thread_blocked, id=78240, stack(0x00007efe5896e000,0x00007efe58a6f000)]
  0x00007efe7d12f800 JavaThread "Eureka-JerseyClient-Conn-Cleaner2" daemon [_thread_blocked, id=78239, stack(0x00007efe58a6f000,0x00007efe58b70000)]
  0x00007efe7d12f000 JavaThread "Eureka-JerseyClient-Conn-Cleaner2" daemon [_thread_blocked, id=78238, stack(0x00007efe593cd000,0x00007efe594ce000)]
  0x00007efe7cf71800 JavaThread "SimpleHostRoutingFilter.connectionManagerTimer" daemon [_thread_blocked, id=78229, stack(0x00007efe598ce000,0x00007efe599cf000)]
  0x00007efe7ce01800 JavaThread "RxIoScheduler-1 (Evictor)" daemon [_thread_blocked, id=78215, stack(0x00007efe599cf000,0x00007efe59ad0000)]
  0x00007efe7cde8800 JavaThread "container-0" [_thread_blocked, id=78214, stack(0x00007efe59ad0000,0x00007efe59bd1000)]
  0x00007efe7cde7800 JavaThread "ContainerBackgroundProcessor[StandardEngine[Tomcat]]" daemon [_thread_blocked, id=78213, stack(0x00007efe59bd1000,0x00007efe59cd2000)]
  0x00007efe04082000 JavaThread "spring.cloud.inetutils" daemon [_thread_blocked, id=78210, stack(0x00007efe59ed2000,0x00007efe59fd3000)]
  0x00007efe1014d800 JavaThread "localhost-startStop-1" daemon [_thread_blocked, id=78207, stack(0x00007efe5add3000,0x00007efe5aed4000)]
  0x00007efe7cde7000 JavaThread "Tomcat-startStop-1" daemon [_thread_blocked, id=78206, stack(0x00007efe5b8f9000,0x00007efe5b9fa000)]
  0x00007efe24001000 JavaThread "RMI TCP Connection(2)-127.0.0.1" daemon [_thread_in_native, id=78171, stack(0x00007efe5b9fa000,0x00007efe5bafb000)]
  0x00007efe1400b000 JavaThread "RMI Scheduler(0)" daemon [_thread_blocked, id=78170, stack(0x00007efe5bafb000,0x00007efe5bbfc000)]
  0x00007efe28001800 JavaThread "RMI TCP Connection(1)-127.0.0.1" daemon [_thread_in_native, id=78168, stack(0x00007efe5bbfc000,0x00007efe5bcfd000)]
  0x00007efe7c83f800 JavaThread "RMI TCP Accept-0" daemon [_thread_in_native, id=78165, stack(0x00007efe5bdfe000,0x00007efe5beff000)]
  0x00007efe7c810800 JavaThread "RMI TCP Accept-37435" daemon [_thread_in_native, id=78164, stack(0x00007efe5beff000,0x00007efe5c000000)]
  0x00007efe7c7fc000 JavaThread "RMI TCP Accept-0" daemon [_thread_in_native, id=78163, stack(0x00007efe600bf000,0x00007efe601c0000)]
  0x00007efe7c757000 JavaThread "Service Thread" daemon [_thread_blocked, id=78160, stack(0x00007efe684f4000,0x00007efe685f5000)]
  0x00007efe7c740000 JavaThread "C1 CompilerThread2" daemon [_thread_blocked, id=78159, stack(0x00007efe68b0d000,0x00007efe68c0e000)]
  0x00007efe7c73d800 JavaThread "C2 CompilerThread1" daemon [_thread_blocked, id=78158, stack(0x00007efe68c0e000,0x00007efe68d0f000)]
  0x00007efe7c73c000 JavaThread "C2 CompilerThread0" daemon [_thread_blocked, id=78157, stack(0x00007efe68d0f000,0x00007efe68e10000)]
  0x00007efe7c73a000 JavaThread "Monitor Ctrl-Break" daemon [_thread_in_native, id=78156, stack(0x00007efe68e10000,0x00007efe68f11000)]
  0x00007efe7c183800 JavaThread "Signal Dispatcher" daemon [_thread_blocked, id=78152, stack(0x00007efe69293000,0x00007efe69394000)]
  0x00007efe7c153000 JavaThread "Finalizer" daemon [_thread_blocked, id=78145, stack(0x00007efe6981f000,0x00007efe69920000)]
  0x00007efe7c14e800 JavaThread "Reference Handler" daemon [_thread_blocked, id=78142, stack(0x00007efe69920000,0x00007efe69a21000)]

Other Threads:
=>0x00007efe7c146800 VMThread [stack: 0x00007efe69a21000,0x00007efe69b22000] [id=78141]
  0x00007efe7c842800 WatcherThread [stack: 0x00007efe5bcfd000,0x00007efe5bdfe000] [id=78166]

VM state:at safepoint (normal execution)

VM Mutex/Monitor currently owned by a thread:  ([mutex/lock_event])
[0x00007efe7c009750] Threads_lock - owner thread: 0x00007efe7c146800
[0x00007efe7c00e360] Heap_lock - owner thread: 0x00007efe44007000

Heap:
 PSYoungGen      total 434176K, used 17396K [0x00000000d6800000, 0x00000000f2100000, 0x0000000100000000)
  eden space 416768K, 0% used [0x00000000d6800000,0x00000000d6800000,0x00000000eff00000)
  from space 17408K, 99% used [0x00000000eff00000,0x00000000f0ffd3a8,0x00000000f1000000)
  to   space 14848K, 0% used [0x00000000f1280000,0x00000000f1280000,0x00000000f2100000)
 ParOldGen       total 83456K, used 45450K [0x0000000083800000, 0x0000000088980000, 0x00000000d6800000)
  object space 83456K, 54% used [0x0000000083800000,0x00000000864629e0,0x0000000088980000)
 Metaspace       used 44316K, capacity 45058K, committed 45400K, reserved 1089536K
  class space    used 5780K, capacity 5970K, committed 5976K, reserved 1048576K

Card table byte_map: [0x00007efe6be00000,0x00007efe6c1e5000] byte_map_base: 0x00007efe6b9e4000

Marking Bits: (ParMarkBitMap*) 0x00007efe81c79dc0
 Begin Bits: [0x00007efe601c0000, 0x00007efe620e0000)
 End Bits:   [0x00007efe620e0000, 0x00007efe64000000)

Polling page: 0x00007efe828ca000

CodeCache: size=245760Kb used=10156Kb max_used=10156Kb free=235603Kb
 bounds [0x00007efe6c5a5000, 0x00007efe6cf95000, 0x00007efe7b5a5000]
 total_blobs=5365 nmethods=4873 adapters=405
 compilation: enabled

Compilation events (10 events):
Event: 19.660 Thread 0x00007efe7c740000 nmethod 4922 0x00007efe6cf8cf90 code [0x00007efe6cf8d1c0, 0x00007efe6cf8dbf8]
Event: 19.660 Thread 0x00007efe7c740000 4924   !   1       java.io.ObjectOutputStream::writeObject (38 bytes)
Event: 19.663 Thread 0x00007efe7c740000 nmethod 4924 0x00007efe6cf8e690 code [0x00007efe6cf8e820, 0x00007efe6cf8e9e8]
Event: 19.663 Thread 0x00007efe7c740000 4923       1       org.springframework.context.support.LiveBeansView::appendArray (50 bytes)
Event: 19.665 Thread 0x00007efe7c740000 nmethod 4923 0x00007efe6cf8ead0 code [0x00007efe6cf8ece0, 0x00007efe6cf8f5f8]
Event: 19.665 Thread 0x00007efe7c740000 4921   !   1       java.io.ObjectInputStream::filterCheck (267 bytes)
Event: 19.668 Thread 0x00007efe7c740000 nmethod 4921 0x00007efe6cf8ff10 code [0x00007efe6cf90180, 0x00007efe6cf90cf8]
Event: 19.668 Thread 0x00007efe7c740000 4925       1       java.io.ObjectInputStream$BlockDataInputStream::readFully (42 bytes)
Event: 19.669 Thread 0x00007efe7c740000 nmethod 4925 0x00007efe6cf91650 code [0x00007efe6cf917c0, 0x00007efe6cf919f8]
Event: 19.669 Thread 0x00007efe7c740000 4919   !   1       java.io.ObjectStreamClass::getReflector (336 bytes)

GC Heap History (10 events):
Event: 12.064 GC heap after
Heap after GC invocations=12 (full 1):
 PSYoungGen      total 191488K, used 8708K [0x00000000d6800000, 0x00000000e8900000, 0x0000000100000000)
  eden space 177152K, 0% used [0x00000000d6800000,0x00000000d6800000,0x00000000e1500000)
  from space 14336K, 60% used [0x00000000e1500000,0x00000000e1d813e8,0x00000000e2300000)
  to   space 14336K, 0% used [0x00000000e7b00000,0x00000000e7b00000,0x00000000e8900000)
 ParOldGen       total 46080K, used 27370K [0x0000000083800000, 0x0000000086500000, 0x00000000d6800000)
  object space 46080K, 59% used [0x0000000083800000,0x00000000852bab30,0x0000000086500000)
 Metaspace       used 31668K, capacity 32100K, committed 32384K, reserved 1077248K
  class space    used 4111K, capacity 4213K, committed 4224K, reserved 1048576K
}
Event: 12.527 GC heap before
{Heap before GC invocations=13 (full 1):
 PSYoungGen      total 191488K, used 185860K [0x00000000d6800000, 0x00000000e8900000, 0x0000000100000000)
  eden space 177152K, 100% used [0x00000000d6800000,0x00000000e1500000,0x00000000e1500000)
  from space 14336K, 60% used [0x00000000e1500000,0x00000000e1d813e8,0x00000000e2300000)
  to   space 14336K, 0% used [0x00000000e7b00000,0x00000000e7b00000,0x00000000e8900000)
 ParOldGen       total 46080K, used 27370K [0x0000000083800000, 0x0000000086500000, 0x00000000d6800000)
  object space 46080K, 59% used [0x0000000083800000,0x00000000852bab30,0x0000000086500000)
 Metaspace       used 32164K, capacity 32650K, committed 33024K, reserved 1077248K
  class space    used 4168K, capacity 4310K, committed 4352K, reserved 1048576K
Event: 12.543 GC heap after
Heap after GC invocations=13 (full 1):
 PSYoungGen      total 282112K, used 8288K [0x00000000d6800000, 0x00000000e8a00000, 0x0000000100000000)
  eden space 267776K, 0% used [0x00000000d6800000,0x00000000d6800000,0x00000000e6d80000)
  from space 14336K, 57% used [0x00000000e7b00000,0x00000000e83183b8,0x00000000e8900000)
  to   space 13824K, 0% used [0x00000000e6d80000,0x00000000e6d80000,0x00000000e7b00000)
 ParOldGen       total 46080K, used 30582K [0x0000000083800000, 0x0000000086500000, 0x00000000d6800000)
  object space 46080K, 66% used [0x0000000083800000,0x00000000855ddb40,0x0000000086500000)
 Metaspace       used 32164K, capacity 32650K, committed 33024K, reserved 1077248K
  class space    used 4168K, capacity 4310K, committed 4352K, reserved 1048576K
}
Event: 13.315 GC heap before
{Heap before GC invocations=14 (full 1):
 PSYoungGen      total 282112K, used 276064K [0x00000000d6800000, 0x00000000e8a00000, 0x0000000100000000)
  eden space 267776K, 100% used [0x00000000d6800000,0x00000000e6d80000,0x00000000e6d80000)
  from space 14336K, 57% used [0x00000000e7b00000,0x00000000e83183b8,0x00000000e8900000)
  to   space 13824K, 0% used [0x00000000e6d80000,0x00000000e6d80000,0x00000000e7b00000)
 ParOldGen       total 46080K, used 30582K [0x0000000083800000, 0x0000000086500000, 0x00000000d6800000)
  object space 46080K, 66% used [0x0000000083800000,0x00000000855ddb40,0x0000000086500000)
 Metaspace       used 33989K, capacity 34540K, committed 34816K, reserved 1079296K
  class space    used 4425K, capacity 4545K, committed 4608K, reserved 1048576K
Event: 13.456 GC heap after
Heap after GC invocations=14 (full 1):
 PSYoungGen      total 281600K, used 13801K [0x00000000d6800000, 0x00000000f2400000, 0x0000000100000000)
  eden space 267776K, 0% used [0x00000000d6800000,0x00000000d6800000,0x00000000e6d80000)
  from space 13824K, 99% used [0x00000000e6d80000,0x00000000e7afa4b0,0x00000000e7b00000)
  to   space 17920K, 0% used [0x00000000f1280000,0x00000000f1280000,0x00000000f2400000)
 ParOldGen       total 46080K, used 36659K [0x0000000083800000, 0x0000000086500000, 0x00000000d6800000)
  object space 46080K, 79% used [0x0000000083800000,0x0000000085bccd18,0x0000000086500000)
 Metaspace       used 33989K, capacity 34540K, committed 34816K, reserved 1079296K
  class space    used 4425K, capacity 4545K, committed 4608K, reserved 1048576K
}
Event: 14.330 GC heap before
{Heap before GC invocations=15 (full 1):
 PSYoungGen      total 281600K, used 150301K [0x00000000d6800000, 0x00000000f2400000, 0x0000000100000000)
  eden space 267776K, 50% used [0x00000000d6800000,0x00000000ded4d178,0x00000000e6d80000)
  from space 13824K, 99% used [0x00000000e6d80000,0x00000000e7afa4b0,0x00000000e7b00000)
  to   space 17920K, 0% used [0x00000000f1280000,0x00000000f1280000,0x00000000f2400000)
 ParOldGen       total 46080K, used 36659K [0x0000000083800000, 0x0000000086500000, 0x00000000d6800000)
  object space 46080K, 79% used [0x0000000083800000,0x0000000085bccd18,0x0000000086500000)
 Metaspace       used 34755K, capacity 35324K, committed 35416K, reserved 1079296K
  class space    used 4513K, capacity 4634K, committed 4696K, reserved 1048576K
Event: 14.349 GC heap after
Heap after GC invocations=15 (full 1):
 PSYoungGen      total 431616K, used 5683K [0x00000000d6800000, 0x00000000f2100000, 0x0000000100000000)
  eden space 416768K, 0% used [0x00000000d6800000,0x00000000d6800000,0x00000000eff00000)
  from space 14848K, 38% used [0x00000000f1280000,0x00000000f180cf00,0x00000000f2100000)
  to   space 17408K, 0% used [0x00000000eff00000,0x00000000eff00000,0x00000000f1000000)
 ParOldGen       total 46080K, used 40789K [0x0000000083800000, 0x0000000086500000, 0x00000000d6800000)
  object space 46080K, 88% used [0x0000000083800000,0x0000000085fd54d0,0x0000000086500000)
 Metaspace       used 34755K, capacity 35324K, committed 35416K, reserved 1079296K
  class space    used 4513K, capacity 4634K, committed 4696K, reserved 1048576K
}
Event: 14.349 GC heap before
{Heap before GC invocations=16 (full 2):
 PSYoungGen      total 431616K, used 5683K [0x00000000d6800000, 0x00000000f2100000, 0x0000000100000000)
  eden space 416768K, 0% used [0x00000000d6800000,0x00000000d6800000,0x00000000eff00000)
  from space 14848K, 38% used [0x00000000f1280000,0x00000000f180cf00,0x00000000f2100000)
  to   space 17408K, 0% used [0x00000000eff00000,0x00000000eff00000,0x00000000f1000000)
 ParOldGen       total 46080K, used 40789K [0x0000000083800000, 0x0000000086500000, 0x00000000d6800000)
  object space 46080K, 88% used [0x0000000083800000,0x0000000085fd54d0,0x0000000086500000)
 Metaspace       used 34755K, capacity 35324K, committed 35416K, reserved 1079296K
  class space    used 4513K, capacity 4634K, committed 4696K, reserved 1048576K
Event: 14.440 GC heap after
Heap after GC invocations=16 (full 2):
 PSYoungGen      total 431616K, used 0K [0x00000000d6800000, 0x00000000f2100000, 0x0000000100000000)
  eden space 416768K, 0% used [0x00000000d6800000,0x00000000d6800000,0x00000000eff00000)
  from space 14848K, 0% used [0x00000000f1280000,0x00000000f1280000,0x00000000f2100000)
  to   space 17408K, 0% used [0x00000000eff00000,0x00000000eff00000,0x00000000f1000000)
 ParOldGen       total 83456K, used 31611K [0x0000000083800000, 0x0000000088980000, 0x00000000d6800000)
  object space 83456K, 37% used [0x0000000083800000,0x00000000856dec50,0x0000000088980000)
 Metaspace       used 34755K, capacity 35324K, committed 35416K, reserved 1079296K
  class space    used 4513K, capacity 4634K, committed 4696K, reserved 1048576K
}
Event: 19.673 GC heap before
{Heap before GC invocations=17 (full 2):
 PSYoungGen      total 431616K, used 416768K [0x00000000d6800000, 0x00000000f2100000, 0x0000000100000000)
  eden space 416768K, 100% used [0x00000000d6800000,0x00000000eff00000,0x00000000eff00000)
  from space 14848K, 0% used [0x00000000f1280000,0x00000000f1280000,0x00000000f2100000)
  to   space 17408K, 0% used [0x00000000eff00000,0x00000000eff00000,0x00000000f1000000)
 ParOldGen       total 83456K, used 31611K [0x0000000083800000, 0x0000000088980000, 0x00000000d6800000)
  object space 83456K, 37% used [0x0000000083800000,0x00000000856dec50,0x0000000088980000)
 Metaspace       used 44316K, capacity 45058K, committed 45400K, reserved 1089536K
  class space    used 5780K, capacity 5970K, committed 5976K, reserved 1048576K

Deoptimization events (0 events):
No events

Internal exceptions (10 events):
Event: 17.118 Thread 0x00007efe7c011800 Exception <a 'java/lang/ArrayIndexOutOfBoundsException'> (0x00000000ec55c288) thrown at [/HUDSON3/workspace/8-2-build-linux-amd64/jdk8u144/9417/hotspot/src/share/vm/runtime/sharedRuntime.cpp, line 605]
Event: 17.220 Thread 0x00007efe7d187000 Exception <a 'java/lang/ArrayIndexOutOfBoundsException'> (0x00000000eca80d08) thrown at [/HUDSON3/workspace/8-2-build-linux-amd64/jdk8u144/9417/hotspot/src/share/vm/runtime/sharedRuntime.cpp, line 605]
Event: 17.221 Thread 0x00007efe7d187000 Exception <a 'java/lang/ArrayIndexOutOfBoundsException'> (0x00000000eca841c0) thrown at [/HUDSON3/workspace/8-2-build-linux-amd64/jdk8u144/9417/hotspot/src/share/vm/runtime/sharedRuntime.cpp, line 605]
Event: 17.237 Thread 0x00007efe7d187000 Exception <a 'java/lang/ArrayIndexOutOfBoundsException'> (0x00000000ecaba7f0) thrown at [/HUDSON3/workspace/8-2-build-linux-amd64/jdk8u144/9417/hotspot/src/share/vm/runtime/sharedRuntime.cpp, line 605]
Event: 17.297 Thread 0x00007efe7d187000 Exception <a 'java/net/SocketTimeoutException': Read timed out> (0x00000000ed60dae0) thrown at [/HUDSON3/workspace/8-2-build-linux-amd64/jdk8u144/9417/hotspot/src/share/vm/prims/jni.cpp, line 735]
Event: 17.502 Thread 0x00007efe7d187000 Exception <a 'java/lang/ArrayIndexOutOfBoundsException'> (0x00000000ed7d5c68) thrown at [/HUDSON3/workspace/8-2-build-linux-amd64/jdk8u144/9417/hotspot/src/share/vm/runtime/sharedRuntime.cpp, line 605]
Event: 17.534 Thread 0x00007efe7d187000 Exception <a 'java/lang/ArrayIndexOutOfBoundsException'> (0x00000000edc6f230) thrown at [/HUDSON3/workspace/8-2-build-linux-amd64/jdk8u144/9417/hotspot/src/share/vm/runtime/sharedRuntime.cpp, line 605]
Event: 17.534 Thread 0x00007efe7d187000 Exception <a 'java/lang/ArrayIndexOutOfBoundsException'> (0x00000000edc72010) thrown at [/HUDSON3/workspace/8-2-build-linux-amd64/jdk8u144/9417/hotspot/src/share/vm/runtime/sharedRuntime.cpp, line 605]
Event: 18.523 Thread 0x00007efe7d187000 Exception <a 'java/lang/ArrayIndexOutOfBoundsException'> (0x00000000edc83528) thrown at [/HUDSON3/workspace/8-2-build-linux-amd64/jdk8u144/9417/hotspot/src/share/vm/runtime/sharedRuntime.cpp, line 605]
Event: 18.524 Thread 0x00007efe7d187000 Exception <a 'java/lang/ArrayIndexOutOfBoundsException'> (0x00000000edc85b60) thrown at [/HUDSON3/workspace/8-2-build-linux-amd64/jdk8u144/9417/hotspot/src/share/vm/runtime/sharedRuntime.cpp, line 605]

Events (10 events):
Event: 18.823 loading class com/sun/jmx/mbeanserver/Repository$ObjectNamePattern done
Event: 19.655 loading class java/util/concurrent/locks/ReentrantReadWriteLock$Sync$HoldCounter done
Event: 19.661 Executing VM operation: RevokeBias
Event: 19.662 Executing VM operation: RevokeBias done
Event: 19.662 Thread 0x00007efe0c033000 Thread exited: 0x00007efe0c033000
Event: 19.667 Executing VM operation: RevokeBias
Event: 19.668 Executing VM operation: RevokeBias done
Event: 19.668 Thread 0x00007efe44007000 Thread exited: 0x00007efe44007000
Event: 19.672 Thread 0x00007efe44007000 Thread added: 0x00007efe44007000
Event: 19.672 Executing VM operation: ParallelGCFailedAllocation


Dynamic libraries:
00400000-00401000 r-xp 00000000 08:01 668087                             /usr/lib/jvm/jdk1.8.0_144/bin/java
00600000-00601000 rw-p 00000000 08:01 668087                             /usr/lib/jvm/jdk1.8.0_144/bin/java
01f93000-01fb4000 rw-p 00000000 00:00 0                                  [heap]
83800000-88980000 rw-p 00000000 00:00 0 
88980000-d6800000 ---p 00000000 00:00 0 
d6800000-f2100000 rw-p 00000000 00:00 0 
ff680000-100000000 ---p 00000000 00:00 0 
100000000-1005d6000 rw-p 00000000 00:00 0 
1005d6000-140000000 ---p 00000000 00:00 0 
7efde4000000-7efde4021000 rw-p 00000000 00:00 0 
7efde4021000-7efde8000000 ---p 00000000 00:00 0 
7efdea7e8000-7efdea7eb000 ---p 00000000 00:00 0 
7efdea7eb000-7efdea8e9000 rw-p 00000000 00:00 0 
7efdea8e9000-7efdea8ec000 ---p 00000000 00:00 0 
7efdea8ec000-7efdea9ea000 rw-p 00000000 00:00 0 
7efdea9ea000-7efdea9ed000 ---p 00000000 00:00 0 
7efdea9ed000-7efdeaaeb000 rw-p 00000000 00:00 0 
7efdeaaeb000-7efdeaaee000 ---p 00000000 00:00 0 
7efdeaaee000-7efdeabec000 rw-p 00000000 00:00 0 
7efdeabec000-7efdeabef000 ---p 00000000 00:00 0 
7efdeabef000-7efdeaced000 rw-p 00000000 00:00 0 
7efdeaced000-7efdeacf0000 ---p 00000000 00:00 0 
7efdeacf0000-7efdeadee000 rw-p 00000000 00:00 0 
7efdeadee000-7efdeadf1000 ---p 00000000 00:00 0 
7efdeadf1000-7efdeaeef000 rw-p 00000000 00:00 0 
7efdeaeef000-7efdeaef2000 ---p 00000000 00:00 0 
7efdeaef2000-7efdeaff0000 rw-p 00000000 00:00 0 
7efdeaff0000-7efdeaff3000 ---p 00000000 00:00 0 
7efdeaff3000-7efdeb0f1000 rw-p 00000000 00:00 0 
7efdeb0f1000-7efdeb0f4000 ---p 00000000 00:00 0 
7efdeb0f4000-7efdeb1f2000 rw-p 00000000 00:00 0 
7efdeb1f2000-7efdeb1f5000 ---p 00000000 00:00 0 
7efdeb1f5000-7efdeb2f3000 rw-p 00000000 00:00 0 
7efdeb2f3000-7efdeb2f6000 ---p 00000000 00:00 0 
7efdeb2f6000-7efdeb3f4000 rw-p 00000000 00:00 0 
7efdeb3f4000-7efdeb3f7000 ---p 00000000 00:00 0 
7efdeb3f7000-7efdeb4f5000 rw-p 00000000 00:00 0 
7efdeb4f5000-7efdeb4f8000 ---p 00000000 00:00 0 
7efdeb4f8000-7efdeb5f6000 rw-p 00000000 00:00 0 
7efdeb5f6000-7efdeb5f9000 ---p 00000000 00:00 0 
7efdeb5f9000-7efdeb6f7000 rw-p 00000000 00:00 0 
7efdeb6f7000-7efdeb6fa000 ---p 00000000 00:00 0 
7efdeb6fa000-7efdeb7f8000 rw-p 00000000 00:00 0 
7efdeb7f8000-7efdeb7fb000 ---p 00000000 00:00 0 
7efdeb7fb000-7efdeb8f9000 rw-p 00000000 00:00 0 
7efdeb8f9000-7efdeb8fc000 ---p 00000000 00:00 0 
7efdeb8fc000-7efdeb9fa000 rw-p 00000000 00:00 0 
7efdeb9fa000-7efdeb9fd000 ---p 00000000 00:00 0 
7efdeb9fd000-7efdebafb000 rw-p 00000000 00:00 0 
7efdebafb000-7efdebafe000 ---p 00000000 00:00 0 
7efdebafe000-7efdebbfc000 rw-p 00000000 00:00 0 
7efdebbfc000-7efdebbff000 ---p 00000000 00:00 0 
7efdebbff000-7efdebcfd000 rw-p 00000000 00:00 0 
7efdebcfd000-7efdebd00000 ---p 00000000 00:00 0 
7efdebd00000-7efdebdfe000 rw-p 00000000 00:00 0 
7efdebdfe000-7efdebe01000 ---p 00000000 00:00 0 
7efdebe01000-7efdebeff000 rw-p 00000000 00:00 0 
7efdebeff000-7efdebf02000 ---p 00000000 00:00 0 
7efdebf02000-7efdec000000 rw-p 00000000 00:00 0 
7efdec000000-7efdec021000 rw-p 00000000 00:00 0 
7efdec021000-7efdf0000000 ---p 00000000 00:00 0 
7efdf0000000-7efdf0028000 rw-p 00000000 00:00 0 
7efdf0028000-7efdf4000000 ---p 00000000 00:00 0 
7efdf4000000-7efdf4021000 rw-p 00000000 00:00 0 
7efdf4021000-7efdf8000000 ---p 00000000 00:00 0 
7efdf8000000-7efdf8021000 rw-p 00000000 00:00 0 
7efdf8021000-7efdfc000000 ---p 00000000 00:00 0 
7efdfc000000-7efdfc021000 rw-p 00000000 00:00 0 
7efdfc021000-7efe00000000 ---p 00000000 00:00 0 
7efe00000000-7efe00021000 rw-p 00000000 00:00 0 
7efe00021000-7efe04000000 ---p 00000000 00:00 0 
7efe04000000-7efe040d2000 rw-p 00000000 00:00 0 
7efe040d2000-7efe08000000 ---p 00000000 00:00 0 
7efe08000000-7efe08021000 rw-p 00000000 00:00 0 
7efe08021000-7efe0c000000 ---p 00000000 00:00 0 
7efe0c000000-7efe0c03a000 rw-p 00000000 00:00 0 
7efe0c03a000-7efe10000000 ---p 00000000 00:00 0 
7efe10000000-7efe101dc000 rw-p 00000000 00:00 0 
7efe101dc000-7efe14000000 ---p 00000000 00:00 0 
7efe14000000-7efe14021000 rw-p 00000000 00:00 0 
7efe14021000-7efe18000000 ---p 00000000 00:00 0 
7efe18000000-7efe18021000 rw-p 00000000 00:00 0 
7efe18021000-7efe1c000000 ---p 00000000 00:00 0 
7efe1c000000-7efe1c021000 rw-p 00000000 00:00 0 
7efe1c021000-7efe20000000 ---p 00000000 00:00 0 
7efe20000000-7efe20021000 rw-p 00000000 00:00 0 
7efe20021000-7efe24000000 ---p 00000000 00:00 0 
7efe24000000-7efe24021000 rw-p 00000000 00:00 0 
7efe24021000-7efe28000000 ---p 00000000 00:00 0 
7efe28000000-7efe28021000 rw-p 00000000 00:00 0 
7efe28021000-7efe2c000000 ---p 00000000 00:00 0 
7efe2c000000-7efe2c70e000 rw-p 00000000 00:00 0 
7efe2c70e000-7efe30000000 ---p 00000000 00:00 0 
7efe30000000-7efe30021000 rw-p 00000000 00:00 0 
7efe30021000-7efe34000000 ---p 00000000 00:00 0 
7efe34000000-7efe3402e000 rw-p 00000000 00:00 0 
7efe3402e000-7efe38000000 ---p 00000000 00:00 0 
7efe38000000-7efe38021000 rw-p 00000000 00:00 0 
7efe38021000-7efe3c000000 ---p 00000000 00:00 0 
7efe3c000000-7efe3c021000 rw-p 00000000 00:00 0 
7efe3c021000-7efe40000000 ---p 00000000 00:00 0 
7efe40000000-7efe40023000 rw-p 00000000 00:00 0 
7efe40023000-7efe44000000 ---p 00000000 00:00 0 
7efe44000000-7efe44021000 rw-p 00000000 00:00 0 
7efe44021000-7efe48000000 ---p 00000000 00:00 0 
7efe48000000-7efe48021000 rw-p 00000000 00:00 0 
7efe48021000-7efe4c000000 ---p 00000000 00:00 0 
7efe4c000000-7efe4c023000 rw-p 00000000 00:00 0 
7efe4c023000-7efe50000000 ---p 00000000 00:00 0 
7efe50000000-7efe5028f000 rw-p 00000000 00:00 0 
7efe5028f000-7efe54000000 ---p 00000000 00:00 0 
7efe54000000-7efe54021000 rw-p 00000000 00:00 0 
7efe54021000-7efe58000000 ---p 00000000 00:00 0 
7efe58069000-7efe580e9000 rw-p 00000000 00:00 0 
7efe580e9000-7efe58269000 ---p 00000000 00:00 0 
7efe58269000-7efe5826c000 ---p 00000000 00:00 0 
7efe5826c000-7efe5836a000 rw-p 00000000 00:00 0 
7efe5836a000-7efe5836d000 ---p 00000000 00:00 0 
7efe5836d000-7efe5846b000 rw-p 00000000 00:00 0 
7efe5846b000-7efe5846e000 ---p 00000000 00:00 0 
7efe5846e000-7efe5856c000 rw-p 00000000 00:00 0 
7efe5856c000-7efe5856f000 ---p 00000000 00:00 0 
7efe5856f000-7efe5866d000 rw-p 00000000 00:00 0 
7efe5866d000-7efe58670000 ---p 00000000 00:00 0 
7efe58670000-7efe5896e000 rw-p 00000000 00:00 0 
7efe5896e000-7efe58971000 ---p 00000000 00:00 0 
7efe58971000-7efe58a6f000 rw-p 00000000 00:00 0 
7efe58a6f000-7efe58a72000 ---p 00000000 00:00 0 
7efe58a72000-7efe58d70000 rw-p 00000000 00:00 0 
7efe58d70000-7efe58f70000 rw-p 00000000 00:00 0 
7efe58f70000-7efe58f86000 r-xp 00000000 08:01 2495601                    /lib/x86_64-linux-gnu/libgcc_s.so.1
7efe58f86000-7efe59185000 ---p 00016000 08:01 2495601                    /lib/x86_64-linux-gnu/libgcc_s.so.1
7efe59185000-7efe59186000 rw-p 00015000 08:01 2495601                    /lib/x86_64-linux-gnu/libgcc_s.so.1
7efe59186000-7efe591b8000 r-xp 00000000 08:01 668179                     /usr/lib/jvm/jdk1.8.0_144/jre/lib/amd64/libsunec.so
7efe591b8000-7efe593b7000 ---p 00032000 08:01 668179                     /usr/lib/jvm/jdk1.8.0_144/jre/lib/amd64/libsunec.so
7efe593b7000-7efe593bd000 rw-p 00031000 08:01 668179                     /usr/lib/jvm/jdk1.8.0_144/jre/lib/amd64/libsunec.so
7efe593bd000-7efe593cd000 rw-p 00000000 00:00 0 
7efe593cd000-7efe593d0000 ---p 00000000 00:00 0 
7efe593d0000-7efe596ce000 rw-p 00000000 00:00 0 
7efe596ce000-7efe598ce000 rw-p 00000000 00:00 0 
7efe598ce000-7efe598d1000 ---p 00000000 00:00 0 
7efe598d1000-7efe599cf000 rw-p 00000000 00:00 0 
7efe599cf000-7efe599d2000 ---p 00000000 00:00 0 
7efe599d2000-7efe59ad0000 rw-p 00000000 00:00 0 
7efe59ad0000-7efe59ad3000 ---p 00000000 00:00 0 
7efe59ad3000-7efe59bd1000 rw-p 00000000 00:00 0 
7efe59bd1000-7efe59bd4000 ---p 00000000 00:00 0 
7efe59bd4000-7efe59ed2000 rw-p 00000000 00:00 0 
7efe59ed2000-7efe59ed5000 ---p 00000000 00:00 0 
7efe59ed5000-7efe5a1d3000 rw-p 00000000 00:00 0 
7efe5a1d3000-7efe5a3d3000 rw-p 00000000 00:00 0 
7efe5a3d3000-7efe5a5d3000 rw-p 00000000 00:00 0 
7efe5a5d3000-7efe5a7d3000 rw-p 00000000 00:00 0 
7efe5a7d3000-7efe5a9d3000 rw-p 00000000 00:00 0 
7efe5a9d3000-7efe5abd3000 rw-p 00000000 00:00 0 
7efe5abd3000-7efe5add3000 rw-p 00000000 00:00 0 
7efe5add3000-7efe5add6000 ---p 00000000 00:00 0 
7efe5add6000-7efe5b0d4000 rw-p 00000000 00:00 0 
7efe5b0d4000-7efe5b0eb000 r-xp 00000000 08:01 2490464                    /lib/x86_64-linux-gnu/libresolv-2.23.so
7efe5b0eb000-7efe5b2eb000 ---p 00017000 08:01 2490464                    /lib/x86_64-linux-gnu/libresolv-2.23.so
7efe5b2eb000-7efe5b2ec000 r--p 00017000 08:01 2490464                    /lib/x86_64-linux-gnu/libresolv-2.23.so
7efe5b2ec000-7efe5b2ed000 rw-p 00018000 08:01 2490464                    /lib/x86_64-linux-gnu/libresolv-2.23.so
7efe5b2ed000-7efe5b2ef000 rw-p 00000000 00:00 0 
7efe5b2ef000-7efe5b2f4000 r-xp 00000000 08:01 2490451                    /lib/x86_64-linux-gnu/libnss_dns-2.23.so
7efe5b2f4000-7efe5b4f4000 ---p 00005000 08:01 2490451                    /lib/x86_64-linux-gnu/libnss_dns-2.23.so
7efe5b4f4000-7efe5b4f5000 r--p 00005000 08:01 2490451                    /lib/x86_64-linux-gnu/libnss_dns-2.23.so
7efe5b4f5000-7efe5b4f6000 rw-p 00006000 08:01 2490451                    /lib/x86_64-linux-gnu/libnss_dns-2.23.so
7efe5b4f6000-7efe5b4f8000 r-xp 00000000 08:01 2495668                    /lib/x86_64-linux-gnu/libnss_mdns4_minimal.so.2
7efe5b4f8000-7efe5b6f7000 ---p 00002000 08:01 2495668                    /lib/x86_64-linux-gnu/libnss_mdns4_minimal.so.2
7efe5b6f7000-7efe5b6f8000 r--p 00001000 08:01 2495668                    /lib/x86_64-linux-gnu/libnss_mdns4_minimal.so.2
7efe5b6f8000-7efe5b6f9000 rw-p 00002000 08:01 2495668                    /lib/x86_64-linux-gnu/libnss_mdns4_minimal.so.2
7efe5b6f9000-7efe5b8f9000 rw-p 00000000 00:00 0 
7efe5b8f9000-7efe5b8fc000 ---p 00000000 00:00 0 
7efe5b8fc000-7efe5b9fa000 rw-p 00000000 00:00 0 
7efe5b9fa000-7efe5b9fd000 ---p 00000000 00:00 0 
7efe5b9fd000-7efe5bafb000 rw-p 00000000 00:00 0 
7efe5bafb000-7efe5bafe000 ---p 00000000 00:00 0 
7efe5bafe000-7efe5bbfc000 rw-p 00000000 00:00 0 
7efe5bbfc000-7efe5bbff000 ---p 00000000 00:00 0 
7efe5bbff000-7efe5bcfd000 rw-p 00000000 00:00 0 
7efe5bcfd000-7efe5bcfe000 ---p 00000000 00:00 0 
7efe5bcfe000-7efe5bdfe000 rw-p 00000000 00:00 0 
7efe5bdfe000-7efe5be01000 ---p 00000000 00:00 0 
7efe5be01000-7efe5beff000 rw-p 00000000 00:00 0 
7efe5beff000-7efe5bf02000 ---p 00000000 00:00 0 
7efe5bf02000-7efe5c000000 rw-p 00000000 00:00 0 
7efe5c000000-7efe5c021000 rw-p 00000000 00:00 0 
7efe5c021000-7efe60000000 ---p 00000000 00:00 0 
7efe6002a000-7efe600bf000 r--s 01110000 08:01 668247                     /usr/lib/jvm/jdk1.8.0_144/jre/lib/ext/jfxrt.jar
7efe600bf000-7efe600c2000 ---p 00000000 00:00 0 
7efe600c2000-7efe64000000 rw-p 00000000 00:00 0 
7efe64000000-7efe64021000 rw-p 00000000 00:00 0 
7efe64021000-7efe68000000 ---p 00000000 00:00 0 
7efe68079000-7efe6807b000 r--s 00009000 08:01 668248                     /usr/lib/jvm/jdk1.8.0_144/jre/lib/ext/sunec.jar
7efe6807b000-7efe6807f000 r--s 0003a000 08:01 668246                     /usr/lib/jvm/jdk1.8.0_144/jre/lib/ext/sunpkcs11.jar
7efe6807f000-7efe68082000 r--s 0001a000 08:01 668425                     /usr/lib/jvm/jdk1.8.0_144/jre/lib/jce.jar
7efe68082000-7efe68087000 r--s 002f9000 08:01 668116                     /usr/lib/jvm/jdk1.8.0_144/jre/lib/charsets.jar
7efe68087000-7efe6808e000 r--s 00000000 08:01 927430                     /usr/lib/x86_64-linux-gnu/gconv/gconv-modules.cache
7efe6808e000-7efe680af000 r--p 00000000 08:01 1316146                    /usr/share/locale-langpack/zh_CN/LC_MESSAGES/libc.mo
7efe680af000-7efe680b9000 r--s 00116000 08:01 668251                     /usr/lib/jvm/jdk1.8.0_144/jre/lib/ext/localedata.jar
7efe680b9000-7efe680d5000 r--s 00393000 08:01 668254                     /usr/lib/jvm/jdk1.8.0_144/jre/lib/ext/cldrdata.jar
7efe680d5000-7efe680da000 r--s 0009a000 08:01 668115                     /usr/lib/jvm/jdk1.8.0_144/jre/lib/jsse.jar
7efe680da000-7efe680eb000 r-xp 00000000 08:01 668196                     /usr/lib/jvm/jdk1.8.0_144/jre/lib/amd64/libnio.so
7efe680eb000-7efe682ea000 ---p 00011000 08:01 668196                     /usr/lib/jvm/jdk1.8.0_144/jre/lib/amd64/libnio.so
7efe682ea000-7efe682eb000 rw-p 00010000 08:01 668196                     /usr/lib/jvm/jdk1.8.0_144/jre/lib/amd64/libnio.so
7efe682eb000-7efe682f4000 r-xp 00000000 08:01 668207                     /usr/lib/jvm/jdk1.8.0_144/jre/lib/amd64/libmanagement.so
7efe682f4000-7efe684f3000 ---p 00009000 08:01 668207                     /usr/lib/jvm/jdk1.8.0_144/jre/lib/amd64/libmanagement.so
7efe684f3000-7efe684f4000 rw-p 00008000 08:01 668207                     /usr/lib/jvm/jdk1.8.0_144/jre/lib/amd64/libmanagement.so
7efe684f4000-7efe684f7000 ---p 00000000 00:00 0 
7efe684f7000-7efe688f6000 rw-p 00000000 00:00 0 
7efe688f6000-7efe6890c000 r-xp 00000000 08:01 668171                     /usr/lib/jvm/jdk1.8.0_144/jre/lib/amd64/libnet.so
7efe6890c000-7efe68b0c000 ---p 00016000 08:01 668171                     /usr/lib/jvm/jdk1.8.0_144/jre/lib/amd64/libnet.so
7efe68b0c000-7efe68b0d000 rw-p 00016000 08:01 668171                     /usr/lib/jvm/jdk1.8.0_144/jre/lib/amd64/libnet.so
7efe68b0d000-7efe68b10000 ---p 00000000 00:00 0 
7efe68b10000-7efe68c0e000 rw-p 00000000 00:00 0 
7efe68c0e000-7efe68c11000 ---p 00000000 00:00 0 
7efe68c11000-7efe68d0f000 rw-p 00000000 00:00 0 
7efe68d0f000-7efe68d12000 ---p 00000000 00:00 0 
7efe68d12000-7efe68e10000 rw-p 00000000 00:00 0 
7efe68e10000-7efe68e13000 ---p 00000000 00:00 0 
7efe68e13000-7efe68f11000 rw-p 00000000 00:00 0 
7efe68f11000-7efe68f13000 r--s 0001a000 08:01 2625759                    /opt/idea-IU-172.3757.52/lib/idea_rt.jar
7efe68f13000-7efe68f18000 r--s 00036000 08:01 1749144                    /home/xjtu556/.m2/repository/org/apache/tomcat/embed/tomcat-embed-el/8.5.16/tomcat-embed-el-8.5.16.jar
7efe68f18000-7efe68f1c000 r--s 0002a000 08:01 2761513                    /home/xjtu556/.m2/repository/commons-io/commons-io/2.4/commons-io-2.4.jar
7efe68f1c000-7efe68f1e000 r--s 00013000 08:01 2236297                    /home/xjtu556/.m2/repository/com/netflix/zuul/zuul-core/1.3.0/zuul-core-1.3.0.jar
7efe68f1e000-7efe68f1f000 r--s 00001000 08:01 2900264                    /home/xjtu556/.m2/repository/com/netflix/netflix-commons/netflix-commons-util/0.1.1/netflix-commons-util-0.1.1.jar
7efe68f1f000-7efe68f2c000 r--s 00083000 08:01 2367362                    /home/xjtu556/.m2/repository/commons-collections/commons-collections/3.2.2/commons-collections-3.2.2.jar
7efe68f2c000-7efe68f2e000 r--s 0000c000 08:01 1607292                    /home/xjtu556/.m2/repository/com/netflix/ribbon/ribbon-httpclient/2.2.2/ribbon-httpclient-2.2.2.jar
7efe68f2e000-7efe68f33000 r--s 00041000 08:01 1607290                    /home/xjtu556/.m2/repository/commons-lang/commons-lang/2.6/commons-lang-2.6.jar
7efe68f33000-7efe68f37000 r--s 00011000 08:01 1202442                    /home/xjtu556/.m2/repository/com/netflix/ribbon/ribbon-core/2.2.2/ribbon-core-2.2.2.jar
7efe68f37000-7efe68f3e000 r--s 00047000 08:01 1325245                    /home/xjtu556/.m2/repository/io/netty/netty-transport/4.0.27.Final/netty-transport-4.0.27.Final.jar
7efe68f3e000-7efe68f40000 r--s 00027000 08:01 1455558                    /home/xjtu556/.m2/repository/io/netty/netty-buffer/4.0.27.Final/netty-buffer-4.0.27.Final.jar
7efe68f40000-7efe68f47000 r--s 00060000 08:01 1455563                    /home/xjtu556/.m2/repository/io/netty/netty-common/4.0.27.Final/netty-common-4.0.27.Final.jar
7efe68f47000-7efe68f49000 r--s 00016000 08:01 1455560                    /home/xjtu556/.m2/repository/io/netty/netty-transport-native-epoll/4.0.27.Final/netty-transport-native-epoll-4.0.27.Final.jar
7efe68f49000-7efe68f4e000 r--s 00036000 08:01 1455556                    /home/xjtu556/.m2/repository/io/netty/netty-handler/4.0.27.Final/netty-handler-4.0.27.Final.jar
7efe68f4e000-7efe68f52000 r--s 00020000 08:01 1325242                    /home/xjtu556/.m2/repository/io/netty/netty-codec/4.0.27.Final/netty-codec-4.0.27.Final.jar
7efe68f52000-7efe68f5a000 r--s 00061000 08:01 1325241                    /home/xjtu556/.m2/repository/io/netty/netty-codec-http/4.0.27.Final/netty-codec-http-4.0.27.Final.jar
7efe68f5a000-7efe68f64000 r--s 00059000 08:01 1325244                    /home/xjtu556/.m2/repository/io/reactivex/rxnetty/0.4.9/rxnetty-0.4.9.jar
7efe68f64000-7efe68f66000 r--s 00006000 08:01 1455552                    /home/xjtu556/.m2/repository/io/reactivex/rxnetty-servo/0.4.9/rxnetty-servo-0.4.9.jar
7efe68f66000-7efe68f69000 r--s 0000b000 08:01 1455550                    /home/xjtu556/.m2/repository/io/reactivex/rxnetty-contexts/0.4.9/rxnetty-contexts-0.4.9.jar
7efe68f69000-7efe68f6a000 r--s 00009000 08:01 1325236                    /home/xjtu556/.m2/repository/com/netflix/ribbon/ribbon-transport/2.2.2/ribbon-transport-2.2.2.jar
7efe68f6a000-7efe68f6e000 r--s 00012000 08:01 1202403                    /home/xjtu556/.m2/repository/com/netflix/ribbon/ribbon/2.2.2/ribbon-2.2.2.jar
7efe68f6e000-7efe68f86000 r--s 001bf000 08:01 1202705                    /home/xjtu556/.m2/repository/org/aspectj/aspectjweaver/1.8.10/aspectjweaver-1.8.10.jar
7efe68f86000-7efe68f88000 r--s 0000c000 08:01 801095                     /home/xjtu556/.m2/repository/org/ow2/asm/asm/5.0.4/asm-5.0.4.jar
7efe68f88000-7efe68f8e000 r--s 00048000 08:01 1749050                    /home/xjtu556/.m2/repository/org/apache/commons/commons-lang3/3.1/commons-lang3-3.1.jar
7efe68f8e000-7efe68f94000 r--s 00026000 08:01 1455778                    /home/xjtu556/.m2/repository/com/netflix/hystrix/hystrix-javanica/1.5.12/hystrix-javanica-1.5.12.jar
7efe68f94000-7efe68f97000 r--s 00021000 08:01 682246                     /home/xjtu556/.m2/repository/com/fasterxml/jackson/module/jackson-module-afterburner/2.8.9/jackson-module-afterburner-2.8.9.jar
7efe68f97000-7efe68f99000 r--s 00007000 08:01 1455776                    /home/xjtu556/.m2/repository/com/netflix/hystrix/hystrix-serialization/1.5.12/hystrix-serialization-1.5.12.jar
7efe68f99000-7efe68f9b000 r--s 0000c000 08:01 1455780                    /home/xjtu556/.m2/repository/com/netflix/hystrix/hystrix-metrics-event-stream/1.5.12/hystrix-metrics-event-stream-1.5.12.jar
7efe68f9b000-7efe68f9d000 r--s 0001a000 08:01 1607288                    /home/xjtu556/.m2/repository/org/hdrhistogram/HdrHistogram/2.1.9/HdrHistogram-2.1.9.jar
7efe68f9d000-7efe68fa9000 r--s 00068000 08:01 1455554                    /home/xjtu556/.m2/repository/com/netflix/hystrix/hystrix-core/1.5.12/hystrix-core-1.5.12.jar
7efe68fa9000-7efe68fab000 r--s 00000000 08:01 936522                     /home/xjtu556/.m2/repository/aopalliance/aopalliance/1.0/aopalliance-1.0.jar
7efe68fab000-7efe68fb9000 r--s 00097000 08:01 1979815                    /home/xjtu556/.m2/repository/com/google/inject/guice/4.1.0/guice-4.1.0.jar
7efe68fb9000-7efe68fc0000 r--s 0003f000 08:01 1979813                    /home/xjtu556/.m2/repository/commons-codec/commons-codec/1.10/commons-codec-1.10.jar
7efe68fc0000-7efe68fc8000 r--s 00048000 08:01 1979811                    /home/xjtu556/.m2/repository/org/apache/httpcomponents/httpcore/4.4.6/httpcore-4.4.6.jar
7efe68fc8000-7efe68fd5000 r--s 000aa000 08:01 1607286                    /home/xjtu556/.m2/repository/org/apache/httpcomponents/httpclient/4.5.3/httpclient-4.5.3.jar
7efe68fd5000-7efe68fd7000 r--s 00003000 08:01 800959                     /home/xjtu556/.m2/repository/com/sun/jersey/contribs/jersey-apache-client4/1.19.1/jersey-apache-client4-1.19.1.jar
7efe68fd7000-7efe68fda000 r--s 0001e000 08:01 2900262                    /home/xjtu556/.m2/repository/com/sun/jersey/jersey-client/1.19.1/jersey-client-1.19.1.jar
7efe68fda000-7efe68fe4000 r--s 00061000 08:01 2639153                    /home/xjtu556/.m2/repository/com/sun/jersey/jersey-core/1.19.1/jersey-core-1.19.1.jar
7efe68fe4000-7efe68fe8000 r--s 00027000 08:01 2639142                    /home/xjtu556/.m2/repository/com/netflix/servo/servo-internal/0.10.1/servo-internal-0.10.1.jar
7efe68fe8000-7efe68fed000 r--s 00032000 08:01 2503980                    /home/xjtu556/.m2/repository/com/netflix/servo/servo-core/0.10.1/servo-core-0.10.1.jar
7efe68fed000-7efe68fef000 r--s 0000a000 08:01 2105919                    /home/xjtu556/.m2/repository/javax/ws/rs/jsr311-api/1.1.1/jsr311-api-1.1.1.jar
7efe68fef000-7efe69002000 r--s 000df000 08:01 1749150                    /home/xjtu556/.m2/repository/org/apache/commons/commons-math/2.2/commons-math-2.2.jar
7efe69002000-7efe69007000 r--s 00034000 08:01 1749148                    /home/xjtu556/.m2/repository/com/google/code/gson/gson/2.8.1/gson-2.8.1.jar
7efe69007000-7efe6900c000 r--s 00068000 08:01 2639141                    /home/xjtu556/.m2/repository/antlr/antlr/2.7.7/antlr-2.7.7.jar
7efe6900c000-7efe6900f000 r--s 00022000 08:01 1202624                    /home/xjtu556/.m2/repository/org/antlr/stringtemplate/3.2.1/stringtemplate-3.2.1.jar
7efe6900f000-7efe69013000 r--s 00025000 08:01 1202599                    /home/xjtu556/.m2/repository/org/antlr/antlr-runtime/3.4/antlr-runtime-3.4.jar
7efe69013000-7efe69024000 r--s 0008a000 08:01 682080                     /home/xjtu556/.m2/repository/joda-time/joda-time/2.9.9/joda-time-2.9.9.jar
7efe69024000-7efe6902a000 r--s 00044000 08:01 2900252                    /home/xjtu556/.m2/repository/commons-jxpath/commons-jxpath/1.3/commons-jxpath-1.3.jar
7efe6902a000-7efe6902d000 r--s 00016000 08:01 2503971                    /home/xjtu556/.m2/repository/com/netflix/netflix-commons/netflix-infix/0.3.0/netflix-infix-0.3.0.jar
7efe6902d000-7efe6902f000 r--s 0000f000 08:01 2367358                    /home/xjtu556/.m2/repository/com/netflix/netflix-commons/netflix-eventbus/0.3.0/netflix-eventbus-0.3.0.jar
7efe6902f000-7efe69031000 r--s 00005000 08:01 2761405                    /home/xjtu556/.m2/repository/stax/stax-api/1.0.1/stax-api-1.0.1.jar
7efe69031000-7efe69034000 r--s 00012000 08:01 2105917                    /home/xjtu556/.m2/repository/org/codehaus/jettison/jettison/1.3.7/jettison-1.3.7.jar
7efe69034000-7efe6903d000 r--s 0005b000 08:01 2236222                    /home/xjtu556/.m2/repository/com/netflix/eureka/eureka-client/1.6.2/eureka-client-1.6.2.jar
7efe6903d000-7efe69040000 r--s 00011000 08:01 1202561                    /home/xjtu556/.m2/repository/org/springframework/cloud/spring-cloud-netflix-eureka-client/1.3.4.RELEASE/spring-cloud-netflix-eureka-client-1.3.4.RELEASE.jar
7efe69040000-7efe6904a000 r--s 00056000 08:01 1078764                    /home/xjtu556/.m2/repository/org/springframework/cloud/spring-cloud-netflix-core/1.3.4.RELEASE/spring-cloud-netflix-core-1.3.4.RELEASE.jar
7efe6904a000-7efe6904d000 r--s 00015000 08:01 936518                     /home/xjtu556/.m2/repository/org/springframework/cloud/spring-cloud-context/1.2.3.RELEASE/spring-cloud-context-1.2.3.RELEASE.jar
7efe6904d000-7efe6904f000 r--s 0000c000 08:01 936527                     /home/xjtu556/.m2/repository/org/springframework/security/spring-security-crypto/4.2.3.RELEASE/spring-security-crypto-4.2.3.RELEASE.jar
7efe6904f000-7efe69054000 r--s 00017000 08:01 936526                     /home/xjtu556/.m2/repository/org/springframework/cloud/spring-cloud-commons/1.2.3.RELEASE/spring-cloud-commons-1.2.3.RELEASE.jar
7efe69054000-7efe69056000 r--s 00002000 08:01 682244                     /home/xjtu556/.m2/repository/org/springframework/cloud/spring-cloud-netflix-sidecar/1.3.4.RELEASE/spring-cloud-netflix-sidecar-1.3.4.RELEASE.jar
7efe69056000-7efe6906d000 r--s 000fc000 08:01 800953                     /home/xjtu556/.m2/repository/org/springframework/spring-core/4.3.10.RELEASE/spring-core-4.3.10.RELEASE.jar
7efe6906d000-7efe69072000 r--s 0003c000 08:01 800964                     /home/xjtu556/.m2/repository/org/springframework/spring-expression/4.3.10.RELEASE/spring-expression-4.3.10.RELEASE.jar
7efe69072000-7efe69083000 r--s 000cf000 08:01 800976                     /home/xjtu556/.m2/repository/org/springframework/spring-webmvc/4.3.10.RELEASE/spring-webmvc-4.3.10.RELEASE.jar
7efe69083000-7efe69091000 r--s 000ad000 08:01 800968                     /home/xjtu556/.m2/repository/org/springframework/spring-beans/4.3.10.RELEASE/spring-beans-4.3.10.RELEASE.jar
7efe69091000-7efe6909a000 r--s 00054000 08:01 800978                     /home/xjtu556/.m2/repository/org/springframework/spring-aop/4.3.10.RELEASE/spring-aop-4.3.10.RELEASE.jar
7efe6909a000-7efe690ab000 r--s 000b8000 08:01 800970                     /home/xjtu556/.m2/repository/org/springframework/spring-web/4.3.10.RELEASE/spring-web-4.3.10.RELEASE.jar
7efe690ab000-7efe690bd000 r--s 0011e000 08:01 2639150                    /home/xjtu556/.m2/repository/com/fasterxml/jackson/core/jackson-databind/2.8.9/jackson-databind-2.8.9.jar
7efe690bd000-7efe690bf000 r--s 0000e000 08:01 2236218                    /home/xjtu556/.m2/repository/com/fasterxml/classmate/1.3.3/classmate-1.3.3.jar
7efe690bf000-7efe690c2000 r--s 0000e000 08:01 936537                     /home/xjtu556/.m2/repository/org/jboss/logging/jboss-logging/3.3.1.Final/jboss-logging-3.3.1.Final.jar
7efe690c2000-7efe690c6000 r--s 0000c000 08:01 2105915                    /home/xjtu556/.m2/repository/javax/validation/validation-api/1.1.0.Final/validation-api-1.1.0.Final.jar
7efe690c6000-7efe690d7000 r--s 000a1000 08:01 936535                     /home/xjtu556/.m2/repository/org/hibernate/hibernate-validator/5.3.5.Final/hibernate-validator-5.3.5.Final.jar
7efe690d7000-7efe690dd000 r--s 00037000 08:01 1749146                    /home/xjtu556/.m2/repository/org/apache/tomcat/embed/tomcat-embed-websocket/8.5.16/tomcat-embed-websocket-8.5.16.jar
7efe690dd000-7efe69106000 r--s 002c2000 08:01 1607280                    /home/xjtu556/.m2/repository/org/apache/tomcat/embed/tomcat-embed-core/8.5.16/tomcat-embed-core-8.5.16.jar
7efe69106000-7efe69107000 r--s 00000000 08:01 936533                     /home/xjtu556/.m2/repository/org/springframework/boot/spring-boot-starter-tomcat/1.5.6.RELEASE/spring-boot-starter-tomcat-1.5.6.RELEASE.jar
7efe69107000-7efe69108000 r--s 00000000 08:01 936539                     /home/xjtu556/.m2/repository/org/springframework/boot/spring-boot-starter-web/1.5.6.RELEASE/spring-boot-starter-web-1.5.6.RELEASE.jar
7efe69108000-7efe6910a000 r--s 00009000 08:01 2503966                    /home/xjtu556/.m2/repository/org/slf4j/slf4j-api/1.7.25/slf4j-api-1.7.25.jar
7efe6910a000-7efe6910c000 r--s 00003000 08:01 1749152                    /home/xjtu556/.m2/repository/com/netflix/ribbon/ribbon-eureka/2.2.2/ribbon-eureka-2.2.2.jar
7efe6910c000-7efe69124000 r--s 000fd000 08:01 1325239                    /home/xjtu556/.m2/repository/io/reactivex/rxjava/1.1.10/rxjava-1.1.10.jar
7efe69124000-7efe69126000 r--s 00002000 08:01 2639148                    /home/xjtu556/.m2/repository/com/netflix/netflix-commons/netflix-statistics/0.1.1/netflix-statistics-0.1.1.jar
7efe69126000-7efe6912a000 r--s 00024000 08:01 1325250                    /home/xjtu556/.m2/repository/com/netflix/ribbon/ribbon-loadbalancer/2.2.2/ribbon-loadbalancer-2.2.2.jar
7efe6912a000-7efe6912b000 r--s 00000000 08:01 1202553                    /home/xjtu556/.m2/repository/org/springframework/cloud/spring-cloud-starter-ribbon/1.3.4.RELEASE/spring-cloud-starter-ribbon-1.3.4.RELEASE.jar
7efe6912b000-7efe69156000 r--s 001fc000 08:01 1865581                    /home/xjtu556/.m2/repository/com/google/guava/guava/18.0/guava-18.0.jar
7efe69156000-7efe6915a000 r--s 00042000 08:01 800965                     /home/xjtu556/.m2/repository/com/fasterxml/jackson/core/jackson-core/2.8.9/jackson-core-2.8.9.jar
7efe6915a000-7efe6915d000 r--s 0000b000 08:01 682088                     /home/xjtu556/.m2/repository/com/fasterxml/jackson/core/jackson-annotations/2.8.0/jackson-annotations-2.8.0.jar
7efe6915d000-7efe69164000 r--s 00050000 08:01 682078                     /home/xjtu556/.m2/repository/commons-configuration/commons-configuration/1.8/commons-configuration-1.8.jar
7efe69164000-7efe69165000 r--s 00000000 08:01 1202555                    /home/xjtu556/.m2/repository/org/springframework/cloud/spring-cloud-starter-archaius/1.3.4.RELEASE/spring-cloud-starter-archaius-1.3.4.RELEASE.jar
7efe69165000-7efe69167000 r--s 00005000 08:01 800949                     /home/xjtu556/.m2/repository/xpp3/xpp3_min/1.1.4c/xpp3_min-1.1.4c.jar
7efe69167000-7efe69168000 r--s 00001000 08:01 682082                     /home/xjtu556/.m2/repository/xmlpull/xmlpull/1.1.3.1/xmlpull-1.1.3.1.jar
7efe69168000-7efe69176000 r--s 00079000 08:01 2761407                    /home/xjtu556/.m2/repository/com/thoughtworks/xstream/xstream/1.4.9/xstream-1.4.9.jar
7efe69176000-7efe6917c000 r--s 00078000 08:01 1078774                    /home/xjtu556/.m2/repository/com/fasterxml/woodstox/woodstox-core/5.0.3/woodstox-core-5.0.3.jar
7efe6917c000-7efe69180000 r--s 00024000 08:01 2639147                    /home/xjtu556/.m2/repository/org/codehaus/woodstox/stax2-api/3.1.4/stax2-api-3.1.4.jar
7efe69180000-7efe69182000 r--s 00007000 08:01 1078769                    /home/xjtu556/.m2/repository/com/fasterxml/jackson/module/jackson-module-jaxb-annotations/2.8.9/jackson-module-jaxb-annotations-2.8.9.jar
7efe69182000-7efe69185000 r--s 00015000 08:01 2900258                    /home/xjtu556/.m2/repository/com/fasterxml/jackson/dataformat/jackson-dataformat-xml/2.8.9/jackson-dataformat-xml-2.8.9.jar
7efe69185000-7efe69186000 r--s 00000000 08:01 2236221                    /home/xjtu556/.m2/repository/javax/inject/javax.inject/1/javax.inject-1.jar
7efe69186000-7efe69188000 r--s 00003000 08:01 1607284                    /home/xjtu556/.m2/repository/com/google/code/findbugs/jsr305/3.0.1/jsr305-3.0.1.jar
7efe69188000-7efe6918c000 r--s 0001e000 08:01 2639144                    /home/xjtu556/.m2/repository/com/netflix/archaius/archaius-core/0.7.4/archaius-core-0.7.4.jar
7efe6918c000-7efe6918e000 r--s 00004000 08:01 2503975                    /home/xjtu556/.m2/repository/javax/xml/stream/stax-api/1.0-2/stax-api-1.0-2.jar
7efe6918e000-7efe69194000 r--s 00071000 08:01 2367360                    /home/xjtu556/.m2/repository/org/codehaus/woodstox/woodstox-core-asl/4.4.1/woodstox-core-asl-4.4.1.jar
7efe69194000-7efe69199000 r--s 00039000 08:01 2236224                    /home/xjtu556/.m2/repository/com/netflix/eureka/eureka-core/1.6.2/eureka-core-1.6.2.jar
7efe69199000-7efe691a9000 r--s 0009d000 08:01 1078770                    /home/xjtu556/.m2/repository/com/sun/jersey/jersey-server/1.19.1/jersey-server-1.19.1.jar
7efe691a9000-7efe691ad000 r--s 0001c000 08:01 936541                     /home/xjtu556/.m2/repository/com/sun/jersey/jersey-servlet/1.19.1/jersey-servlet-1.19.1.jar
7efe691ad000-7efe691b2000 r--s 00029000 08:01 800951                     /home/xjtu556/.m2/repository/org/springframework/spring-context-support/4.3.10.RELEASE/spring-context-support-4.3.10.RELEASE.jar
7efe691b2000-7efe691ce000 r--s 00152000 08:01 1078767                    /home/xjtu556/.m2/repository/org/freemarker/freemarker/2.3.26-incubating/freemarker-2.3.26-incubating.jar
7efe691ce000-7efe691cf000 r--s 00000000 08:01 1078765                    /home/xjtu556/.m2/repository/org/springframework/boot/spring-boot-starter-freemarker/1.5.6.RELEASE/spring-boot-starter-freemarker-1.5.6.RELEASE.jar
7efe691cf000-7efe691d1000 r--s 00075000 08:01 936532                     /home/xjtu556/.m2/repository/org/springframework/cloud/spring-cloud-netflix-eureka-server/1.3.4.RELEASE/spring-cloud-netflix-eureka-server-1.3.4.RELEASE.jar
7efe691d1000-7efe6921b000 r--s 002f4000 08:01 936529                     /home/xjtu556/.m2/repository/org/bouncycastle/bcprov-jdk15on/1.55/bcprov-jdk15on-1.55.jar
7efe6921b000-7efe6922c000 r--s 00096000 08:01 936528                     /home/xjtu556/.m2/repository/org/bouncycastle/bcpkix-jdk15on/1.55/bcpkix-jdk15on-1.55.jar
7efe6922c000-7efe6922d000 r--s 00004000 08:01 936525                     /home/xjtu556/.m2/repository/org/springframework/security/spring-security-rsa/1.0.3.RELEASE/spring-security-rsa-1.0.3.RELEASE.jar
7efe6922d000-7efe6922e000 r--s 00000000 08:01 936515                     /home/xjtu556/.m2/repository/org/springframework/cloud/spring-cloud-starter/1.2.3.RELEASE/spring-cloud-starter-1.2.3.RELEASE.jar
7efe6922e000-7efe69247000 r--s 000fe000 08:01 800973                     /home/xjtu556/.m2/repository/org/springframework/spring-context/4.3.10.RELEASE/spring-context-4.3.10.RELEASE.jar
7efe69247000-7efe69256000 r--s 00079000 08:01 800958                     /home/xjtu556/.m2/repository/org/springframework/boot/spring-boot-actuator/1.5.6.RELEASE/spring-boot-actuator-1.5.6.RELEASE.jar
7efe69256000-7efe6925c000 r--s 0003d000 08:01 682076                     /home/xjtu556/.m2/repository/org/yaml/snakeyaml/1.17/snakeyaml-1.17.jar
7efe6925c000-7efe6925e000 r--s 00004000 08:01 2503969                    /home/xjtu556/.m2/repository/org/slf4j/log4j-over-slf4j/1.7.25/log4j-over-slf4j-1.7.25.jar
7efe6925e000-7efe69260000 r--s 00000000 08:01 2503968                    /home/xjtu556/.m2/repository/org/slf4j/jul-to-slf4j/1.7.25/jul-to-slf4j-1.7.25.jar
7efe69260000-7efe6926b000 r--s 0006a000 08:01 2900254                    /home/xjtu556/.m2/repository/ch/qos/logback/logback-core/1.1.11/logback-core-1.1.11.jar
7efe6926b000-7efe69272000 r--s 00045000 08:01 2761403                    /home/xjtu556/.m2/repository/ch/qos/logback/logback-classic/1.1.11/logback-classic-1.1.11.jar
7efe69272000-7efe69293000 r--s 000e5000 08:01 800969                     /home/xjtu556/.m2/repository/org/springframework/boot/spring-boot-autoconfigure/1.5.6.RELEASE/spring-boot-autoconfigure-1.5.6.RELEASE.jar
7efe69293000-7efe69296000 ---p 00000000 00:00 0 
7efe69296000-7efe69394000 rw-p 00000000 00:00 0 
7efe69394000-7efe6981f000 r--p 00000000 08:01 655559                     /usr/lib/locale/locale-archive
7efe6981f000-7efe69822000 ---p 00000000 00:00 0 
7efe69822000-7efe69920000 rw-p 00000000 00:00 0 
7efe69920000-7efe69923000 ---p 00000000 00:00 0 
7efe69923000-7efe69a21000 rw-p 00000000 00:00 0 
7efe69a21000-7efe69a22000 ---p 00000000 00:00 0 
7efe69a22000-7efe6aa31000 rw-p 00000000 00:00 0 
7efe6aa31000-7efe6ac0b000 r--s 03d4d000 08:01 668163                     /usr/lib/jvm/jdk1.8.0_144/jre/lib/rt.jar
7efe6ac0b000-7efe6b865000 rw-p 00000000 00:00 0 
7efe6b865000-7efe6b866000 ---p 00000000 00:00 0 
7efe6b866000-7efe6b966000 rw-p 00000000 00:00 0 
7efe6b966000-7efe6b967000 ---p 00000000 00:00 0 
7efe6b967000-7efe6ba67000 rw-p 00000000 00:00 0 
7efe6ba67000-7efe6ba68000 ---p 00000000 00:00 0 
7efe6ba68000-7efe6bb91000 rw-p 00000000 00:00 0 
7efe6bb91000-7efe6be00000 ---p 00000000 00:00 0 
7efe6be00000-7efe6be29000 rw-p 00000000 00:00 0 
7efe6be29000-7efe6c098000 ---p 00000000 00:00 0 
7efe6c098000-7efe6c175000 rw-p 00000000 00:00 0 
7efe6c175000-7efe6c1e4000 ---p 00000000 00:00 0 
7efe6c1e4000-7efe6c20d000 rw-p 00000000 00:00 0 
7efe6c20d000-7efe6c5a5000 ---p 00000000 00:00 0 
7efe6c5a5000-7efe6cf95000 rwxp 00000000 00:00 0 
7efe6cf95000-7efe7b5a5000 ---p 00000000 00:00 0 
7efe7b5a5000-7efe7b5bf000 r-xp 00000000 08:01 668194                     /usr/lib/jvm/jdk1.8.0_144/jre/lib/amd64/libzip.so
7efe7b5bf000-7efe7b7bf000 ---p 0001a000 08:01 668194                     /usr/lib/jvm/jdk1.8.0_144/jre/lib/amd64/libzip.so
7efe7b7bf000-7efe7b7c0000 rw-p 0001a000 08:01 668194                     /usr/lib/jvm/jdk1.8.0_144/jre/lib/amd64/libzip.so
7efe7b7c0000-7efe7b7cb000 r-xp 00000000 08:01 2490453                    /lib/x86_64-linux-gnu/libnss_files-2.23.so
7efe7b7cb000-7efe7b9ca000 ---p 0000b000 08:01 2490453                    /lib/x86_64-linux-gnu/libnss_files-2.23.so
7efe7b9ca000-7efe7b9cb000 r--p 0000a000 08:01 2490453                    /lib/x86_64-linux-gnu/libnss_files-2.23.so
7efe7b9cb000-7efe7b9cc000 rw-p 0000b000 08:01 2490453                    /lib/x86_64-linux-gnu/libnss_files-2.23.so
7efe7b9cc000-7efe7b9d2000 rw-p 00000000 00:00 0 
7efe7b9d2000-7efe7b9dd000 r-xp 00000000 08:01 2490456                    /lib/x86_64-linux-gnu/libnss_nis-2.23.so
7efe7b9dd000-7efe7bbdc000 ---p 0000b000 08:01 2490456                    /lib/x86_64-linux-gnu/libnss_nis-2.23.so
7efe7bbdc000-7efe7bbdd000 r--p 0000a000 08:01 2490456                    /lib/x86_64-linux-gnu/libnss_nis-2.23.so
7efe7bbdd000-7efe7bbde000 rw-p 0000b000 08:01 2490456                    /lib/x86_64-linux-gnu/libnss_nis-2.23.so
7efe7bbde000-7efe7bbf4000 r-xp 00000000 08:01 2490385                    /lib/x86_64-linux-gnu/libnsl-2.23.so
7efe7bbf4000-7efe7bdf3000 ---p 00016000 08:01 2490385                    /lib/x86_64-linux-gnu/libnsl-2.23.so
7efe7bdf3000-7efe7bdf4000 r--p 00015000 08:01 2490385                    /lib/x86_64-linux-gnu/libnsl-2.23.so
7efe7bdf4000-7efe7bdf5000 rw-p 00016000 08:01 2490385                    /lib/x86_64-linux-gnu/libnsl-2.23.so
7efe7bdf5000-7efe7bdf7000 rw-p 00000000 00:00 0 
7efe7bdf7000-7efe7bdff000 r-xp 00000000 08:01 2490462                    /lib/x86_64-linux-gnu/libnss_compat-2.23.so
7efe7bdff000-7efe7bffe000 ---p 00008000 08:01 2490462                    /lib/x86_64-linux-gnu/libnss_compat-2.23.so
7efe7bffe000-7efe7bfff000 r--p 00007000 08:01 2490462                    /lib/x86_64-linux-gnu/libnss_compat-2.23.so
7efe7bfff000-7efe7c000000 rw-p 00008000 08:01 2490462                    /lib/x86_64-linux-gnu/libnss_compat-2.23.so
7efe7c000000-7efe7d24b000 rw-p 00000000 00:00 0 
7efe7d24b000-7efe80000000 ---p 00000000 00:00 0 
7efe80000000-7efe80001000 r--s 00000000 08:01 800947                     /home/xjtu556/.m2/repository/org/springframework/cloud/spring-cloud-starter-eureka-server/1.3.4.RELEASE/spring-cloud-starter-eureka-server-1.3.4.RELEASE.jar
7efe80001000-7efe80003000 r--s 00003000 08:01 2639139                    /home/xjtu556/.m2/repository/org/slf4j/jcl-over-slf4j/1.7.25/jcl-over-slf4j-1.7.25.jar
7efe80003000-7efe80013000 r--s 00095000 08:01 800950                     /home/xjtu556/.m2/repository/org/springframework/boot/spring-boot/1.5.6.RELEASE/spring-boot-1.5.6.RELEASE.jar
7efe80013000-7efe80026000 r--s 00345000 08:01 668395                     /usr/lib/jvm/jdk1.8.0_144/jre/lib/resources.jar
7efe80026000-7efe80039000 r--s 000d6000 08:01 668394                     /usr/lib/jvm/jdk1.8.0_144/jre/lib/plugin.jar
7efe80039000-7efe8003e000 r--s 0009a000 08:01 668115                     /usr/lib/jvm/jdk1.8.0_144/jre/lib/jsse.jar
7efe8003e000-7efe80059000 r--s 0020b000 08:01 668279                     /usr/lib/jvm/jdk1.8.0_144/jre/lib/deploy.jar
7efe80059000-7efe8005a000 ---p 00000000 00:00 0 
7efe8005a000-7efe8015a000 rw-p 00000000 00:00 0 
7efe8015a000-7efe80164000 r-xp 00000000 08:01 668232                     /usr/lib/jvm/jdk1.8.0_144/jre/lib/amd64/libinstrument.so
7efe80164000-7efe80363000 ---p 0000a000 08:01 668232                     /usr/lib/jvm/jdk1.8.0_144/jre/lib/amd64/libinstrument.so
7efe80363000-7efe80364000 rw-p 00009000 08:01 668232                     /usr/lib/jvm/jdk1.8.0_144/jre/lib/amd64/libinstrument.so
7efe80364000-7efe8038f000 r-xp 00000000 08:01 668221                     /usr/lib/jvm/jdk1.8.0_144/jre/lib/amd64/libjava.so
7efe8038f000-7efe8058e000 ---p 0002b000 08:01 668221                     /usr/lib/jvm/jdk1.8.0_144/jre/lib/amd64/libjava.so
7efe8058e000-7efe80590000 rw-p 0002a000 08:01 668221                     /usr/lib/jvm/jdk1.8.0_144/jre/lib/amd64/libjava.so
7efe80590000-7efe8059d000 r-xp 00000000 08:01 668172                     /usr/lib/jvm/jdk1.8.0_144/jre/lib/amd64/libverify.so
7efe8059d000-7efe8079d000 ---p 0000d000 08:01 668172                     /usr/lib/jvm/jdk1.8.0_144/jre/lib/amd64/libverify.so
7efe8079d000-7efe8079f000 rw-p 0000d000 08:01 668172                     /usr/lib/jvm/jdk1.8.0_144/jre/lib/amd64/libverify.so
7efe8079f000-7efe807a6000 r-xp 00000000 08:01 2490458                    /lib/x86_64-linux-gnu/librt-2.23.so
7efe807a6000-7efe809a5000 ---p 00007000 08:01 2490458                    /lib/x86_64-linux-gnu/librt-2.23.so
7efe809a5000-7efe809a6000 r--p 00006000 08:01 2490458                    /lib/x86_64-linux-gnu/librt-2.23.so
7efe809a6000-7efe809a7000 rw-p 00007000 08:01 2490458                    /lib/x86_64-linux-gnu/librt-2.23.so
7efe809a7000-7efe80aaf000 r-xp 00000000 08:01 2495149                    /lib/x86_64-linux-gnu/libm-2.23.so
7efe80aaf000-7efe80cae000 ---p 00108000 08:01 2495149                    /lib/x86_64-linux-gnu/libm-2.23.so
7efe80cae000-7efe80caf000 r--p 00107000 08:01 2495149                    /lib/x86_64-linux-gnu/libm-2.23.so
7efe80caf000-7efe80cb0000 rw-p 00108000 08:01 2495149                    /lib/x86_64-linux-gnu/libm-2.23.so
7efe80cb0000-7efe81983000 r-xp 00000000 08:01 668225                     /usr/lib/jvm/jdk1.8.0_144/jre/lib/amd64/server/libjvm.so
7efe81983000-7efe81b82000 ---p 00cd3000 08:01 668225                     /usr/lib/jvm/jdk1.8.0_144/jre/lib/amd64/server/libjvm.so
7efe81b82000-7efe81c5c000 rw-p 00cd2000 08:01 668225                     /usr/lib/jvm/jdk1.8.0_144/jre/lib/amd64/server/libjvm.so
7efe81c5c000-7efe81ca7000 rw-p 00000000 00:00 0 
7efe81ca7000-7efe81e67000 r-xp 00000000 08:01 2495297                    /lib/x86_64-linux-gnu/libc-2.23.so
7efe81e67000-7efe82067000 ---p 001c0000 08:01 2495297                    /lib/x86_64-linux-gnu/libc-2.23.so
7efe82067000-7efe8206b000 r--p 001c0000 08:01 2495297                    /lib/x86_64-linux-gnu/libc-2.23.so
7efe8206b000-7efe8206d000 rw-p 001c4000 08:01 2495297                    /lib/x86_64-linux-gnu/libc-2.23.so
7efe8206d000-7efe82071000 rw-p 00000000 00:00 0 
7efe82071000-7efe82074000 r-xp 00000000 08:01 2490461                    /lib/x86_64-linux-gnu/libdl-2.23.so
7efe82074000-7efe82273000 ---p 00003000 08:01 2490461                    /lib/x86_64-linux-gnu/libdl-2.23.so
7efe82273000-7efe82274000 r--p 00002000 08:01 2490461                    /lib/x86_64-linux-gnu/libdl-2.23.so
7efe82274000-7efe82275000 rw-p 00003000 08:01 2490461                    /lib/x86_64-linux-gnu/libdl-2.23.so
7efe82275000-7efe8228a000 r-xp 00000000 08:01 667306                     /usr/lib/jvm/jdk1.8.0_144/lib/amd64/jli/libjli.so
7efe8228a000-7efe8248a000 ---p 00015000 08:01 667306                     /usr/lib/jvm/jdk1.8.0_144/lib/amd64/jli/libjli.so
7efe8248a000-7efe8248b000 rw-p 00015000 08:01 667306                     /usr/lib/jvm/jdk1.8.0_144/lib/amd64/jli/libjli.so
7efe8248b000-7efe824a3000 r-xp 00000000 08:01 2490455                    /lib/x86_64-linux-gnu/libpthread-2.23.so
7efe824a3000-7efe826a2000 ---p 00018000 08:01 2490455                    /lib/x86_64-linux-gnu/libpthread-2.23.so
7efe826a2000-7efe826a3000 r--p 00017000 08:01 2490455                    /lib/x86_64-linux-gnu/libpthread-2.23.so
7efe826a3000-7efe826a4000 rw-p 00018000 08:01 2490455                    /lib/x86_64-linux-gnu/libpthread-2.23.so
7efe826a4000-7efe826a8000 rw-p 00000000 00:00 0 
7efe826a8000-7efe826ce000 r-xp 00000000 08:01 2490393                    /lib/x86_64-linux-gnu/ld-2.23.so
7efe826ce000-7efe826cf000 r--s 00000000 08:01 800954                     /home/xjtu556/.m2/repository/org/springframework/boot/spring-boot-starter-logging/1.5.6.RELEASE/spring-boot-starter-logging-1.5.6.RELEASE.jar
7efe826cf000-7efe826d0000 r--s 00000000 08:01 800977                     /home/xjtu556/.m2/repository/org/springframework/boot/spring-boot-starter/1.5.6.RELEASE/spring-boot-starter-1.5.6.RELEASE.jar
7efe826d0000-7efe826d1000 r--s 00000000 08:01 2900256                    /home/xjtu556/.m2/repository/org/springframework/boot/spring-boot-starter-actuator/1.5.6.RELEASE/spring-boot-starter-actuator-1.5.6.RELEASE.jar
7efe826d1000-7efe826d2000 r--s 00000000 08:01 668242                     /usr/lib/jvm/jdk1.8.0_144/jre/lib/management-agent.jar
7efe826d2000-7efe826d4000 r--s 00007000 08:01 668236                     /usr/lib/jvm/jdk1.8.0_144/jre/lib/jfxswt.jar
7efe826d4000-7efe826de000 r--s 0006c000 08:01 668278                     /usr/lib/jvm/jdk1.8.0_144/jre/lib/javaws.jar
7efe826de000-7efe827af000 rw-p 00000000 00:00 0 
7efe827af000-7efe827b2000 ---p 00000000 00:00 0 
7efe827b2000-7efe828b4000 rw-p 00000000 00:00 0 
7efe828b4000-7efe828b9000 r--s 00084000 08:01 668270                     /usr/lib/jvm/jdk1.8.0_144/jre/lib/jfr.jar
7efe828b9000-7efe828bc000 r--s 0001a000 08:01 668425                     /usr/lib/jvm/jdk1.8.0_144/jre/lib/jce.jar
7efe828bc000-7efe828c1000 r--s 002f9000 08:01 668116                     /usr/lib/jvm/jdk1.8.0_144/jre/lib/charsets.jar
7efe828c1000-7efe828c9000 rw-s 00000000 08:01 524724                     /tmp/hsperfdata_xjtu556/78128
7efe828c9000-7efe828ca000 rw-p 00000000 00:00 0 
7efe828ca000-7efe828cb000 ---p 00000000 00:00 0 
7efe828cb000-7efe828cd000 rw-p 00000000 00:00 0 
7efe828cd000-7efe828ce000 r--p 00025000 08:01 2490393                    /lib/x86_64-linux-gnu/ld-2.23.so
7efe828ce000-7efe828cf000 rw-p 00026000 08:01 2490393                    /lib/x86_64-linux-gnu/ld-2.23.so
7efe828cf000-7efe828d0000 rw-p 00000000 00:00 0 
7ffcd9daf000-7ffcd9dd3000 rw-p 00000000 00:00 0                          [stack]
7ffcd9ddb000-7ffcd9ddd000 r--p 00000000 00:00 0                          [vvar]
7ffcd9ddd000-7ffcd9ddf000 r-xp 00000000 00:00 0                          [vdso]
ffffffffff600000-ffffffffff601000 r-xp 00000000 00:00 0                  [vsyscall]

VM Arguments:
jvm_args: -XX:TieredStopAtLevel=1 -Xverify:none -Dspring.output.ansi.enabled=always -Dcom.sun.management.jmxremote -Dcom.sun.management.jmxremote.port=37435 -Dcom.sun.management.jmxremote.authenticate=false -Dcom.sun.management.jmxremote.ssl=false -Dspring.liveBeansView.mbeanDomain -Dspring.application.admin.enabled=true -javaagent:/opt/idea-IU-172.3757.52/lib/idea_rt.jar=42707:/opt/idea-IU-172.3757.52/bin -Dfile.encoding=UTF-8 
java_command: com.example.sidecar.SidecarApplication
java_class_path (initial): /usr/lib/jvm/jdk1.8.0_144/jre/lib/charsets.jar:/usr/lib/jvm/jdk1.8.0_144/jre/lib/deploy.jar:/usr/lib/jvm/jdk1.8.0_144/jre/lib/ext/cldrdata.jar:/usr/lib/jvm/jdk1.8.0_144/jre/lib/ext/dnsns.jar:/usr/lib/jvm/jdk1.8.0_144/jre/lib/ext/jaccess.jar:/usr/lib/jvm/jdk1.8.0_144/jre/lib/ext/jfxrt.jar:/usr/lib/jvm/jdk1.8.0_144/jre/lib/ext/localedata.jar:/usr/lib/jvm/jdk1.8.0_144/jre/lib/ext/nashorn.jar:/usr/lib/jvm/jdk1.8.0_144/jre/lib/ext/sunec.jar:/usr/lib/jvm/jdk1.8.0_144/jre/lib/ext/sunjce_provider.jar:/usr/lib/jvm/jdk1.8.0_144/jre/lib/ext/sunpkcs11.jar:/usr/lib/jvm/jdk1.8.0_144/jre/lib/ext/zipfs.jar:/usr/lib/jvm/jdk1.8.0_144/jre/lib/javaws.jar:/usr/lib/jvm/jdk1.8.0_144/jre/lib/jce.jar:/usr/lib/jvm/jdk1.8.0_144/jre/lib/jfr.jar:/usr/lib/jvm/jdk1.8.0_144/jre/lib/jfxswt.jar:/usr/lib/jvm/jdk1.8.0_144/jre/lib/jsse.jar:/usr/lib/jvm/jdk1.8.0_144/jre/lib/management-agent.jar:/usr/lib/jvm/jdk1.8.0_144/jre/lib/plugin.jar:/usr/lib/jvm/jdk1.8.0_144/jre/lib/resources.jar:/usr/lib/jvm/jdk1.8.0_144/jre/lib/rt.jar:/home/xjtu556/IdeaProjects/publish/sidecar/target/classes:/home/xjtu556/.m2/repository/org/springframework/boot/spring-boot-starter-actuator/1.5.6.RELEASE/spring-boot-starter-actuator-1.5.6.RELEASE.jar:/home/xjtu556/.m2/repository/org/springframework/boot/spring-boot-starter/1.5.6.RELEASE/spring-boot-starter-1.5.6.RELEASE.jar:/home/xjtu556/.m2/repository/org/springframework/boot/spring-boot/1.5.6.RELEASE/spring-boot-1.5.6.RELEASE.jar:/home/xjtu556/.m2/repository/org/springframework/boot/spring-boot-autoconfigure/1.5.6.RELEASE/spring-boot-autoconfigure-1.5.6.RELEASE.jar:/home/xjtu556/.m2/repository/org/springframework/boot/spring-boot-starter-logging/1.5.6.RELEASE/spring-boot-starter-logging-1.5.6.RELEASE.jar:/home/xjtu556/.m2/repository/ch/qos/logback/logback-classic/1.1.11/logback-classic-1.1.11.jar:/home/xjtu556/.m2/repository/ch/qos/logback/logback-core/1.1.11/logback-core-1.1.11.jar:/home/xjtu556/.m2/repository/org/slf4j/jcl-over-slf4j/1.7.25/jcl-ov
Launcher Type: SUN_STANDARD

Environment Variables:
PATH=/home/xjtu556/bin:/home/xjtu556/.local/bin:/usr/local/sbin:/usr/local/bin:/usr/sbin:/usr/bin:/sbin:/bin:/usr/games:/usr/local/games:/snap/bin
LD_LIBRARY_PATH=/opt/idea-IU-172.3757.52/bin:
SHELL=/bin/bash
DISPLAY=:0

Signal Handlers:
SIGSEGV: [libjvm.so+0xacba10], sa_mask[0]=11111111011111111101111111111110, sa_flags=SA_RESTART|SA_SIGINFO
SIGBUS: [libjvm.so+0xacba10], sa_mask[0]=11111111011111111101111111111110, sa_flags=SA_RESTART|SA_SIGINFO
SIGFPE: [libjvm.so+0x924ba0], sa_mask[0]=11111111011111111101111111111110, sa_flags=SA_RESTART|SA_SIGINFO
SIGPIPE: [libjvm.so+0x924ba0], sa_mask[0]=11111111011111111101111111111110, sa_flags=SA_RESTART|SA_SIGINFO
SIGXFSZ: [libjvm.so+0x924ba0], sa_mask[0]=11111111011111111101111111111110, sa_flags=SA_RESTART|SA_SIGINFO
SIGILL: [libjvm.so+0x924ba0], sa_mask[0]=11111111011111111101111111111110, sa_flags=SA_RESTART|SA_SIGINFO
SIGUSR1: SIG_DFL, sa_mask[0]=00000000000000000000000000000000, sa_flags=none
SIGUSR2: [libjvm.so+0x9263e0], sa_mask[0]=00100000000000000000000000000000, sa_flags=SA_RESTART|SA_SIGINFO
SIGHUP: [libjvm.so+0x9277e0], sa_mask[0]=11111111011111111101111111111110, sa_flags=SA_RESTART|SA_SIGINFO
SIGINT: [libjvm.so+0x9277e0], sa_mask[0]=11111111011111111101111111111110, sa_flags=SA_RESTART|SA_SIGINFO
SIGTERM: [libjvm.so+0x9277e0], sa_mask[0]=11111111011111111101111111111110, sa_flags=SA_RESTART|SA_SIGINFO
SIGQUIT: [libjvm.so+0x9277e0], sa_mask[0]=11111111011111111101111111111110, sa_flags=SA_RESTART|SA_SIGINFO


---------------  S Y S T E M  ---------------

OS:DISTRIB_ID=Ubuntu
DISTRIB_RELEASE=16.04
DISTRIB_CODENAME=xenial
DISTRIB_DESCRIPTION="Ubuntu 16.04.2 LTS"

uname:Linux 4.10.0-33-generic #37~16.04.1-Ubuntu SMP Fri Aug 11 14:07:24 UTC 2017 x86_64
libc:glibc 2.23 NPTL 2.23 
rlimit: STACK 8192k, CORE 0k, NPROC 31678, NOFILE 65536, AS infinity
load average:2.54 2.57 2.56

/proc/meminfo:
MemTotal:        8154204 kB
MemFree:          132712 kB
MemAvailable:      81100 kB
Buffers:           10196 kB
Cached:           126044 kB
SwapCached:        19284 kB
Active:          4581308 kB
Inactive:         931900 kB
Active(anon):    4533872 kB
Inactive(anon):   888264 kB
Active(file):      47436 kB
Inactive(file):    43636 kB
Unevictable:          64 kB
Mlocked:              64 kB
SwapTotal:       4191228 kB
SwapFree:            468 kB
Dirty:               448 kB
Writeback:            16 kB
AnonPages:       5360212 kB
Mapped:           106296 kB
Shmem:             44960 kB
Slab:             258656 kB
SReclaimable:      79624 kB
SUnreclaim:       179032 kB
KernelStack:       32384 kB
PageTables:        76340 kB
NFS_Unstable:          0 kB
Bounce:                0 kB
WritebackTmp:          0 kB
CommitLimit:     8268328 kB
Committed_AS:   20223788 kB
VmallocTotal:   34359738367 kB
VmallocUsed:           0 kB
VmallocChunk:          0 kB
HardwareCorrupted:     0 kB
AnonHugePages:   2498560 kB
ShmemHugePages:        0 kB
ShmemPmdMapped:        0 kB
CmaTotal:              0 kB
CmaFree:               0 kB
HugePages_Total:       0
HugePages_Free:        0
HugePages_Rsvd:        0
HugePages_Surp:        0
Hugepagesize:       2048 kB
DirectMap4k:      384832 kB
DirectMap2M:     8003584 kB
DirectMap1G:     2097152 kB


CPU:total 4 (initial active 4) (2 cores per cpu, 1 threads per core) family 6 model 79 stepping 1, cmov, cx8, fxsr, mmx, sse, sse2, sse3, ssse3, sse4.1, sse4.2, popcnt, avx, avx2, aes, clmul, erms, rtm, 3dnowpref, lzcnt, tsc, tscinvbit, bmi1, bmi2, adx

/proc/cpuinfo:
processor	: 0
vendor_id	: GenuineIntel
cpu family	: 6
model		: 79
model name	: Intel(R) Core(TM) i7-6900K CPU @ 3.20GHz
stepping	: 1
microcode	: 0xb00001c
cpu MHz		: 3205.620
cache size	: 20480 KB
physical id	: 0
siblings	: 2
core id		: 0
cpu cores	: 2
apicid		: 0
initial apicid	: 0
fpu		: yes
fpu_exception	: yes
cpuid level	: 20
wp		: yes
flags		: fpu vme de pse tsc msr pae mce cx8 apic sep mtrr pge mca cmov pat pse36 clflush dts mmx fxsr sse sse2 ss ht syscall nx pdpe1gb rdtscp lm constant_tsc arch_perfmon pebs bts nopl xtopology tsc_reliable nonstop_tsc aperfmperf pni pclmulqdq ssse3 fma cx16 pcid sse4_1 sse4_2 x2apic movbe popcnt tsc_deadline_timer aes xsave avx f16c rdrand hypervisor lahf_lm abm 3dnowprefetch epb fsgsbase tsc_adjust bmi1 hle avx2 smep bmi2 invpcid rtm rdseed adx smap xsaveopt dtherm ida arat pln pts
bugs		:
bogomips	: 6411.24
clflush size	: 64
cache_alignment	: 64
address sizes	: 42 bits physical, 48 bits virtual
power management:

processor	: 1
vendor_id	: GenuineIntel
cpu family	: 6
model		: 79
model name	: Intel(R) Core(TM) i7-6900K CPU @ 3.20GHz
stepping	: 1
microcode	: 0xb00001c
cpu MHz		: 3205.620
cache size	: 20480 KB
physical id	: 0
siblings	: 2
core id		: 1
cpu cores	: 2
apicid		: 1
initial apicid	: 1
fpu		: yes
fpu_exception	: yes
cpuid level	: 20
wp		: yes
flags		: fpu vme de pse tsc msr pae mce cx8 apic sep mtrr pge mca cmov pat pse36 clflush dts mmx fxsr sse sse2 ss ht syscall nx pdpe1gb rdtscp lm constant_tsc arch_perfmon pebs bts nopl xtopology tsc_reliable nonstop_tsc aperfmperf pni pclmulqdq ssse3 fma cx16 pcid sse4_1 sse4_2 x2apic movbe popcnt tsc_deadline_timer aes xsave avx f16c rdrand hypervisor lahf_lm abm 3dnowprefetch epb fsgsbase tsc_adjust bmi1 hle avx2 smep bmi2 invpcid rtm rdseed adx smap xsaveopt dtherm ida arat pln pts
bugs		:
bogomips	: 6411.24
clflush size	: 64
cache_alignment	: 64
address sizes	: 42 bits physical, 48 bits virtual
power management:

processor	: 2
vendor_id	: GenuineIntel
cpu family	: 6
model		: 79
model name	: Intel(R) Core(TM) i7-6900K CPU @ 3.20GHz
stepping	: 1
microcode	: 0xb00001c
cpu MHz		: 3205.620
cache size	: 20480 KB
physical id	: 1
siblings	: 2
core id		: 0
cpu cores	: 2
apicid		: 2
initial apicid	: 2
fpu		: yes
fpu_exception	: yes
cpuid level	: 20
wp		: yes
flags		: fpu vme de pse tsc msr pae mce cx8 apic sep mtrr pge mca cmov pat pse36 clflush dts mmx fxsr sse sse2 ss ht syscall nx pdpe1gb rdtscp lm constant_tsc arch_perfmon pebs bts nopl xtopology tsc_reliable nonstop_tsc aperfmperf pni pclmulqdq ssse3 fma cx16 pcid sse4_1 sse4_2 x2apic movbe popcnt tsc_deadline_timer aes xsave avx f16c rdrand hypervisor lahf_lm abm 3dnowprefetch epb fsgsbase tsc_adjust bmi1 hle avx2 smep bmi2 invpcid rtm rdseed adx smap xsaveopt dtherm ida arat pln pts
bugs		:
bogomips	: 6411.24
clflush size	: 64
cache_alignment	: 64
address sizes	: 42 bits physical, 48 bits virtual
power management:

processor	: 3
vendor_id	: GenuineIntel
cpu family	: 6
model		: 79
model name	: Intel(R) Core(TM) i7-6900K CPU @ 3.20GHz
stepping	: 1
microcode	: 0xb00001c
cpu MHz		: 3205.620
cache size	: 20480 KB
physical id	: 1
siblings	: 2
core id		: 1
cpu cores	: 2
apicid		: 3
initial apicid	: 3
fpu		: yes
fpu_exception	: yes
cpuid level	: 20
wp		: yes
flags		: fpu vme de pse tsc msr pae mce cx8 apic sep mtrr pge mca cmov pat pse36 clflush dts mmx fxsr sse sse2 ss ht syscall nx pdpe1gb rdtscp lm constant_tsc arch_perfmon pebs bts nopl xtopology tsc_reliable nonstop_tsc aperfmperf pni pclmulqdq ssse3 fma cx16 pcid sse4_1 sse4_2 x2apic movbe popcnt tsc_deadline_timer aes xsave avx f16c rdrand hypervisor lahf_lm abm 3dnowprefetch epb fsgsbase tsc_adjust bmi1 hle avx2 smep bmi2 invpcid rtm rdseed adx smap xsaveopt dtherm ida arat pln pts
bugs		:
bogomips	: 6411.24
clflush size	: 64
cache_alignment	: 64
address sizes	: 42 bits physical, 48 bits virtual
power management:



Memory: 4k page, physical 8154204k(132712k free), swap 4191228k(468k free)

vm_info: Java HotSpot(TM) 64-Bit Server VM (25.144-b01) for linux-amd64 JRE (1.8.0_144-b01), built on Jul 21 2017 21:57:33 by "java_re" with gcc 4.3.0 20080428 (Red Hat 4.3.0-8)

time: Sat Sep  9 12:04:02 2017
elapsed time: 20 seconds (0d 0h 0m 20s)

